CRITICAL - 2021-01-08 19:01:12 --> syntax error, unexpected '$description' (T_VARIABLE)
#0 C:\xampp\htdocs\layboard\layboard\system\Router\Router.php(195): CodeIgniter\Router\Router->autoRoute('/JobsController...')
#1 C:\xampp\htdocs\layboard\layboard\system\CodeIgniter.php(793): CodeIgniter\Router\Router->handle('/JobsController...')
#2 C:\xampp\htdocs\layboard\layboard\system\CodeIgniter.php(364): CodeIgniter\CodeIgniter->tryToRouteIt(Object(CodeIgniter\Router\RouteCollection))
#3 C:\xampp\htdocs\layboard\layboard\system\CodeIgniter.php(312): CodeIgniter\CodeIgniter->handleRequest(NULL, Object(Config\Cache), false)
#4 C:\xampp\htdocs\layboard\layboard\index.php(45): CodeIgniter\CodeIgniter->run()
#5 {main}
CRITICAL - 2021-01-08 19:02:34 --> syntax error, unexpected '$description' (T_VARIABLE)
#0 C:\xampp\htdocs\layboard\layboard\system\Router\Router.php(195): CodeIgniter\Router\Router->autoRoute('/JobsController...')
#1 C:\xampp\htdocs\layboard\layboard\system\CodeIgniter.php(793): CodeIgniter\Router\Router->handle('/JobsController...')
#2 C:\xampp\htdocs\layboard\layboard\system\CodeIgniter.php(364): CodeIgniter\CodeIgniter->tryToRouteIt(Object(CodeIgniter\Router\RouteCollection))
#3 C:\xampp\htdocs\layboard\layboard\system\CodeIgniter.php(312): CodeIgniter\CodeIgniter->handleRequest(NULL, Object(Config\Cache), false)
#4 C:\xampp\htdocs\layboard\layboard\index.php(45): CodeIgniter\CodeIgniter->run()
#5 {main}
CRITICAL - 2021-01-08 22:33:07 --> syntax error, unexpected '"job_info_status"' (T_CONSTANT_ENCAPSED_STRING), expecting ')'
#0 C:\xampp\htdocs\layboard\layboard\system\Autoloader\Autoloader.php(296): CodeIgniter\Autoloader\Autoloader->requireFile('C:\\xampp\\htdocs...')
#1 C:\xampp\htdocs\layboard\layboard\system\Autoloader\Autoloader.php(258): CodeIgniter\Autoloader\Autoloader->loadInNamespace('App\\Models\\Jobs...')
#2 [internal function]: CodeIgniter\Autoloader\Autoloader->loadClass('App\\Models\\Jobs...')
#3 C:\xampp\htdocs\layboard\layboard\app\Controllers\PagesController.php(220): spl_autoload_call('App\\Models\\Jobs...')
#4 C:\xampp\htdocs\layboard\layboard\system\CodeIgniter.php(918): App\Controllers\PagesController->jobs()
#5 C:\xampp\htdocs\layboard\layboard\system\CodeIgniter.php(404): CodeIgniter\CodeIgniter->runController(Object(App\Controllers\PagesController))
#6 C:\xampp\htdocs\layboard\layboard\system\CodeIgniter.php(312): CodeIgniter\CodeIgniter->handleRequest(NULL, Object(Config\Cache), false)
#7 C:\xampp\htdocs\layboard\layboard\index.php(45): CodeIgniter\CodeIgniter->run()
#8 {main}
CRITICAL - 2021-01-08 23:19:10 --> You must set the database table to be used with your query.
#0 C:\xampp\htdocs\layboard\layboard\system\Model.php(1237): CodeIgniter\Database\BaseConnection->table(NULL)
#1 C:\xampp\htdocs\layboard\layboard\system\Model.php(1816): CodeIgniter\Model->builder()
#2 C:\xampp\htdocs\layboard\layboard\app\Controllers\JobsController.php(33): CodeIgniter\Model->__call('update_job_info', Array)
#3 C:\xampp\htdocs\layboard\layboard\system\CodeIgniter.php(918): App\Controllers\JobsController->insert_job_info()
#4 C:\xampp\htdocs\layboard\layboard\system\CodeIgniter.php(404): CodeIgniter\CodeIgniter->runController(Object(App\Controllers\JobsController))
#5 C:\xampp\htdocs\layboard\layboard\system\CodeIgniter.php(312): CodeIgniter\CodeIgniter->handleRequest(NULL, Object(Config\Cache), false)
#6 C:\xampp\htdocs\layboard\layboard\index.php(45): CodeIgniter\CodeIgniter->run()
#7 {main}
CRITICAL - 2021-01-08 23:19:12 --> You must set the database table to be used with your query.
#0 C:\xampp\htdocs\layboard\layboard\system\Model.php(1237): CodeIgniter\Database\BaseConnection->table(NULL)
#1 C:\xampp\htdocs\layboard\layboard\system\Model.php(1816): CodeIgniter\Model->builder()
#2 C:\xampp\htdocs\layboard\layboard\app\Controllers\JobsController.php(33): CodeIgniter\Model->__call('update_job_info', Array)
#3 C:\xampp\htdocs\layboard\layboard\system\CodeIgniter.php(918): App\Controllers\JobsController->insert_job_info()
#4 C:\xampp\htdocs\layboard\layboard\system\CodeIgniter.php(404): CodeIgniter\CodeIgniter->runController(Object(App\Controllers\JobsController))
#5 C:\xampp\htdocs\layboard\layboard\system\CodeIgniter.php(312): CodeIgniter\CodeIgniter->handleRequest(NULL, Object(Config\Cache), false)
#6 C:\xampp\htdocs\layboard\layboard\index.php(45): CodeIgniter\CodeIgniter->run()
#7 {main}
CRITICAL - 2021-01-08 23:19:19 --> You must set the database table to be used with your query.
#0 C:\xampp\htdocs\layboard\layboard\system\Model.php(1237): CodeIgniter\Database\BaseConnection->table(NULL)
#1 C:\xampp\htdocs\layboard\layboard\system\Model.php(1816): CodeIgniter\Model->builder()
#2 C:\xampp\htdocs\layboard\layboard\app\Controllers\JobsController.php(33): CodeIgniter\Model->__call('update_job_info', Array)
#3 C:\xampp\htdocs\layboard\layboard\system\CodeIgniter.php(918): App\Controllers\JobsController->insert_job_info()
#4 C:\xampp\htdocs\layboard\layboard\system\CodeIgniter.php(404): CodeIgniter\CodeIgniter->runController(Object(App\Controllers\JobsController))
#5 C:\xampp\htdocs\layboard\layboard\system\CodeIgniter.php(312): CodeIgniter\CodeIgniter->handleRequest(NULL, Object(Config\Cache), false)
#6 C:\xampp\htdocs\layboard\layboard\index.php(45): CodeIgniter\CodeIgniter->run()
#7 {main}
CRITICAL - 2021-01-08 23:23:38 --> Function name must be a string
#0 C:\xampp\htdocs\layboard\layboard\app\Controllers\SkillsController.php(21): App\Models\Skills_model->search_skills_by_specialty('a', '4')
#1 C:\xampp\htdocs\layboard\layboard\system\CodeIgniter.php(918): App\Controllers\SkillsController->search_skills_by_specialty()
#2 C:\xampp\htdocs\layboard\layboard\system\CodeIgniter.php(404): CodeIgniter\CodeIgniter->runController(Object(App\Controllers\SkillsController))
#3 C:\xampp\htdocs\layboard\layboard\system\CodeIgniter.php(312): CodeIgniter\CodeIgniter->handleRequest(NULL, Object(Config\Cache), false)
#4 C:\xampp\htdocs\layboard\layboard\index.php(45): CodeIgniter\CodeIgniter->run()
#5 {main}
CRITICAL - 2021-01-08 23:23:41 --> Function name must be a string
#0 C:\xampp\htdocs\layboard\layboard\app\Controllers\SkillsController.php(21): App\Models\Skills_model->search_skills_by_specialty('as', '4')
#1 C:\xampp\htdocs\layboard\layboard\system\CodeIgniter.php(918): App\Controllers\SkillsController->search_skills_by_specialty()
#2 C:\xampp\htdocs\layboard\layboard\system\CodeIgniter.php(404): CodeIgniter\CodeIgniter->runController(Object(App\Controllers\SkillsController))
#3 C:\xampp\htdocs\layboard\layboard\system\CodeIgniter.php(312): CodeIgniter\CodeIgniter->handleRequest(NULL, Object(Config\Cache), false)
#4 C:\xampp\htdocs\layboard\layboard\index.php(45): CodeIgniter\CodeIgniter->run()
#5 {main}
CRITICAL - 2021-01-08 23:23:41 --> Function name must be a string
#0 C:\xampp\htdocs\layboard\layboard\app\Controllers\SkillsController.php(21): App\Models\Skills_model->search_skills_by_specialty('asda', '4')
#1 C:\xampp\htdocs\layboard\layboard\system\CodeIgniter.php(918): App\Controllers\SkillsController->search_skills_by_specialty()
#2 C:\xampp\htdocs\layboard\layboard\system\CodeIgniter.php(404): CodeIgniter\CodeIgniter->runController(Object(App\Controllers\SkillsController))
#3 C:\xampp\htdocs\layboard\layboard\system\CodeIgniter.php(312): CodeIgniter\CodeIgniter->handleRequest(NULL, Object(Config\Cache), false)
#4 C:\xampp\htdocs\layboard\layboard\index.php(45): CodeIgniter\CodeIgniter->run()
#5 {main}
CRITICAL - 2021-01-08 23:23:41 --> Function name must be a string
#0 C:\xampp\htdocs\layboard\layboard\app\Controllers\SkillsController.php(21): App\Models\Skills_model->search_skills_by_specialty('asda', '4')
#1 C:\xampp\htdocs\layboard\layboard\system\CodeIgniter.php(918): App\Controllers\SkillsController->search_skills_by_specialty()
#2 C:\xampp\htdocs\layboard\layboard\system\CodeIgniter.php(404): CodeIgniter\CodeIgniter->runController(Object(App\Controllers\SkillsController))
#3 C:\xampp\htdocs\layboard\layboard\system\CodeIgniter.php(312): CodeIgniter\CodeIgniter->handleRequest(NULL, Object(Config\Cache), false)
#4 C:\xampp\htdocs\layboard\layboard\index.php(45): CodeIgniter\CodeIgniter->run()
#5 {main}
CRITICAL - 2021-01-08 23:23:41 --> Function name must be a string
#0 C:\xampp\htdocs\layboard\layboard\app\Controllers\SkillsController.php(21): App\Models\Skills_model->search_skills_by_specialty('asdada', '4')
#1 C:\xampp\htdocs\layboard\layboard\system\CodeIgniter.php(918): App\Controllers\SkillsController->search_skills_by_specialty()
#2 C:\xampp\htdocs\layboard\layboard\system\CodeIgniter.php(404): CodeIgniter\CodeIgniter->runController(Object(App\Controllers\SkillsController))
#3 C:\xampp\htdocs\layboard\layboard\system\CodeIgniter.php(312): CodeIgniter\CodeIgniter->handleRequest(NULL, Object(Config\Cache), false)
#4 C:\xampp\htdocs\layboard\layboard\index.php(45): CodeIgniter\CodeIgniter->run()
#5 {main}
CRITICAL - 2021-01-08 23:23:41 --> Function name must be a string
#0 C:\xampp\htdocs\layboard\layboard\app\Controllers\SkillsController.php(21): App\Models\Skills_model->search_skills_by_specialty('asdada', '4')
#1 C:\xampp\htdocs\layboard\layboard\system\CodeIgniter.php(918): App\Controllers\SkillsController->search_skills_by_specialty()
#2 C:\xampp\htdocs\layboard\layboard\system\CodeIgniter.php(404): CodeIgniter\CodeIgniter->runController(Object(App\Controllers\SkillsController))
#3 C:\xampp\htdocs\layboard\layboard\system\CodeIgniter.php(312): CodeIgniter\CodeIgniter->handleRequest(NULL, Object(Config\Cache), false)
#4 C:\xampp\htdocs\layboard\layboard\index.php(45): CodeIgniter\CodeIgniter->run()
#5 {main}
CRITICAL - 2021-01-08 23:23:41 --> Function name must be a string
#0 C:\xampp\htdocs\layboard\layboard\app\Controllers\SkillsController.php(21): App\Models\Skills_model->search_skills_by_specialty('asdada', '4')
#1 C:\xampp\htdocs\layboard\layboard\system\CodeIgniter.php(918): App\Controllers\SkillsController->search_skills_by_specialty()
#2 C:\xampp\htdocs\layboard\layboard\system\CodeIgniter.php(404): CodeIgniter\CodeIgniter->runController(Object(App\Controllers\SkillsController))
#3 C:\xampp\htdocs\layboard\layboard\system\CodeIgniter.php(312): CodeIgniter\CodeIgniter->handleRequest(NULL, Object(Config\Cache), false)
#4 C:\xampp\htdocs\layboard\layboard\index.php(45): CodeIgniter\CodeIgniter->run()
#5 {main}
CRITICAL - 2021-01-08 23:23:50 --> Function name must be a string
#0 C:\xampp\htdocs\layboard\layboard\app\Controllers\SkillsController.php(21): App\Models\Skills_model->search_skills_by_specialty(NULL, NULL)
#1 C:\xampp\htdocs\layboard\layboard\system\CodeIgniter.php(918): App\Controllers\SkillsController->search_skills_by_specialty()
#2 C:\xampp\htdocs\layboard\layboard\system\CodeIgniter.php(404): CodeIgniter\CodeIgniter->runController(Object(App\Controllers\SkillsController))
#3 C:\xampp\htdocs\layboard\layboard\system\CodeIgniter.php(312): CodeIgniter\CodeIgniter->handleRequest(NULL, Object(Config\Cache), false)
#4 C:\xampp\htdocs\layboard\layboard\index.php(45): CodeIgniter\CodeIgniter->run()
#5 {main}
