CRITICAL - 2020-12-17 14:31:38 --> Object of class DateTime could not be converted to string
#0 C:\xampp\htdocs\layboard\layboard\app\Controllers\PagesController.php(224): App\Libraries\Common_utils->time_elapsed_string('2020-12-16 04:3...')
#1 C:\xampp\htdocs\layboard\layboard\system\CodeIgniter.php(918): App\Controllers\PagesController->jobs()
#2 C:\xampp\htdocs\layboard\layboard\system\CodeIgniter.php(404): CodeIgniter\CodeIgniter->runController(Object(App\Controllers\PagesController))
#3 C:\xampp\htdocs\layboard\layboard\system\CodeIgniter.php(312): CodeIgniter\CodeIgniter->handleRequest(NULL, Object(Config\Cache), false)
#4 C:\xampp\htdocs\layboard\layboard\index.php(45): CodeIgniter\CodeIgniter->run()
#5 {main}
CRITICAL - 2020-12-17 14:31:40 --> Object of class DateTime could not be converted to string
#0 C:\xampp\htdocs\layboard\layboard\app\Controllers\PagesController.php(224): App\Libraries\Common_utils->time_elapsed_string('2020-12-16 04:3...')
#1 C:\xampp\htdocs\layboard\layboard\system\CodeIgniter.php(918): App\Controllers\PagesController->jobs()
#2 C:\xampp\htdocs\layboard\layboard\system\CodeIgniter.php(404): CodeIgniter\CodeIgniter->runController(Object(App\Controllers\PagesController))
#3 C:\xampp\htdocs\layboard\layboard\system\CodeIgniter.php(312): CodeIgniter\CodeIgniter->handleRequest(NULL, Object(Config\Cache), false)
#4 C:\xampp\htdocs\layboard\layboard\index.php(45): CodeIgniter\CodeIgniter->run()
#5 {main}
CRITICAL - 2020-12-17 14:31:56 --> Object of class DateTime could not be converted to string
#0 C:\xampp\htdocs\layboard\layboard\system\View\View.php(246): include()
#1 C:\xampp\htdocs\layboard\layboard\system\Common.php(1119): CodeIgniter\View\View->render('employers/jobs', Array, true)
#2 C:\xampp\htdocs\layboard\layboard\app\Controllers\PagesController.php(232): view('employers/jobs', Array)
#3 C:\xampp\htdocs\layboard\layboard\system\CodeIgniter.php(918): App\Controllers\PagesController->jobs()
#4 C:\xampp\htdocs\layboard\layboard\system\CodeIgniter.php(404): CodeIgniter\CodeIgniter->runController(Object(App\Controllers\PagesController))
#5 C:\xampp\htdocs\layboard\layboard\system\CodeIgniter.php(312): CodeIgniter\CodeIgniter->handleRequest(NULL, Object(Config\Cache), false)
#6 C:\xampp\htdocs\layboard\layboard\index.php(45): CodeIgniter\CodeIgniter->run()
#7 {main}
CRITICAL - 2020-12-17 14:55:21 --> Object of class DateTime could not be converted to string
#0 C:\xampp\htdocs\layboard\layboard\system\CodeIgniter.php(918): App\Controllers\PagesController->jobs()
#1 C:\xampp\htdocs\layboard\layboard\system\CodeIgniter.php(404): CodeIgniter\CodeIgniter->runController(Object(App\Controllers\PagesController))
#2 C:\xampp\htdocs\layboard\layboard\system\CodeIgniter.php(312): CodeIgniter\CodeIgniter->handleRequest(NULL, Object(Config\Cache), false)
#3 C:\xampp\htdocs\layboard\layboard\index.php(45): CodeIgniter\CodeIgniter->run()
#4 {main}
CRITICAL - 2020-12-17 14:58:19 --> syntax error, unexpected '14' (T_LNUMBER), expecting ')'
#0 C:\xampp\htdocs\layboard\layboard\system\Autoloader\Autoloader.php(296): CodeIgniter\Autoloader\Autoloader->requireFile('C:\\xampp\\htdocs...')
#1 C:\xampp\htdocs\layboard\layboard\system\Autoloader\Autoloader.php(258): CodeIgniter\Autoloader\Autoloader->loadInNamespace('App\\Controllers...')
#2 [internal function]: CodeIgniter\Autoloader\Autoloader->loadClass('App\\Controllers...')
#3 [internal function]: spl_autoload_call('App\\Controllers...')
#4 C:\xampp\htdocs\layboard\layboard\system\CodeIgniter.php(869): class_exists('\\App\\Controller...', true)
#5 C:\xampp\htdocs\layboard\layboard\system\CodeIgniter.php(394): CodeIgniter\CodeIgniter->startController()
#6 C:\xampp\htdocs\layboard\layboard\system\CodeIgniter.php(312): CodeIgniter\CodeIgniter->handleRequest(NULL, Object(Config\Cache), false)
#7 C:\xampp\htdocs\layboard\layboard\index.php(45): CodeIgniter\CodeIgniter->run()
#8 {main}
CRITICAL - 2020-12-17 14:59:06 --> DateTime::__construct(): Failed to parse time string (2020-12-17 14:59:06&lt;br&gt;) at position 19 (&lt;): Unexpected character
#0 C:\xampp\htdocs\layboard\layboard\app\Libraries\Common_utils.php(20): DateTime->__construct('2020-12-17 14:5...')
#1 C:\xampp\htdocs\layboard\layboard\app\Controllers\PagesController.php(222): App\Libraries\Common_utils->time_elapsed_string('2020-12-17 14:5...')
#2 C:\xampp\htdocs\layboard\layboard\system\CodeIgniter.php(918): App\Controllers\PagesController->jobs()
#3 C:\xampp\htdocs\layboard\layboard\system\CodeIgniter.php(404): CodeIgniter\CodeIgniter->runController(Object(App\Controllers\PagesController))
#4 C:\xampp\htdocs\layboard\layboard\system\CodeIgniter.php(312): CodeIgniter\CodeIgniter->handleRequest(NULL, Object(Config\Cache), false)
#5 C:\xampp\htdocs\layboard\layboard\index.php(45): CodeIgniter\CodeIgniter->run()
#6 {main}
CRITICAL - 2020-12-17 15:02:32 --> Invalid argument supplied for foreach()
#0 C:\xampp\htdocs\layboard\layboard\app\Controllers\PagesController.php(225): CodeIgniter\Debug\Exceptions->errorHandler(2, 'Invalid argumen...', 'C:\\xampp\\htdocs...', 225, Array)
#1 C:\xampp\htdocs\layboard\layboard\system\CodeIgniter.php(918): App\Controllers\PagesController->jobs()
#2 C:\xampp\htdocs\layboard\layboard\system\CodeIgniter.php(404): CodeIgniter\CodeIgniter->runController(Object(App\Controllers\PagesController))
#3 C:\xampp\htdocs\layboard\layboard\system\CodeIgniter.php(312): CodeIgniter\CodeIgniter->handleRequest(NULL, Object(Config\Cache), false)
#4 C:\xampp\htdocs\layboard\layboard\index.php(45): CodeIgniter\CodeIgniter->run()
#5 {main}
CRITICAL - 2020-12-17 15:02:33 --> Invalid argument supplied for foreach()
#0 C:\xampp\htdocs\layboard\layboard\app\Controllers\PagesController.php(225): CodeIgniter\Debug\Exceptions->errorHandler(2, 'Invalid argumen...', 'C:\\xampp\\htdocs...', 225, Array)
#1 C:\xampp\htdocs\layboard\layboard\system\CodeIgniter.php(918): App\Controllers\PagesController->jobs()
#2 C:\xampp\htdocs\layboard\layboard\system\CodeIgniter.php(404): CodeIgniter\CodeIgniter->runController(Object(App\Controllers\PagesController))
#3 C:\xampp\htdocs\layboard\layboard\system\CodeIgniter.php(312): CodeIgniter\CodeIgniter->handleRequest(NULL, Object(Config\Cache), false)
#4 C:\xampp\htdocs\layboard\layboard\index.php(45): CodeIgniter\CodeIgniter->run()
#5 {main}
CRITICAL - 2020-12-17 15:03:42 --> syntax error, unexpected '}', expecting ';' or ','
#0 C:\xampp\htdocs\layboard\layboard\system\Common.php(1119): CodeIgniter\View\View->render('employers/jobs', Array, true)
#1 C:\xampp\htdocs\layboard\layboard\app\Controllers\PagesController.php(233): view('employers/jobs', Array)
#2 C:\xampp\htdocs\layboard\layboard\system\CodeIgniter.php(918): App\Controllers\PagesController->jobs()
#3 C:\xampp\htdocs\layboard\layboard\system\CodeIgniter.php(404): CodeIgniter\CodeIgniter->runController(Object(App\Controllers\PagesController))
#4 C:\xampp\htdocs\layboard\layboard\system\CodeIgniter.php(312): CodeIgniter\CodeIgniter->handleRequest(NULL, Object(Config\Cache), false)
#5 C:\xampp\htdocs\layboard\layboard\index.php(45): CodeIgniter\CodeIgniter->run()
#6 {main}
CRITICAL - 2020-12-17 15:39:12 --> syntax error, unexpected '.'
#0 C:\xampp\htdocs\layboard\layboard\system\Common.php(1119): CodeIgniter\View\View->render('employers/jobs', Array, true)
#1 C:\xampp\htdocs\layboard\layboard\app\Controllers\PagesController.php(231): view('employers/jobs', Array)
#2 C:\xampp\htdocs\layboard\layboard\system\CodeIgniter.php(918): App\Controllers\PagesController->jobs()
#3 C:\xampp\htdocs\layboard\layboard\system\CodeIgniter.php(404): CodeIgniter\CodeIgniter->runController(Object(App\Controllers\PagesController))
#4 C:\xampp\htdocs\layboard\layboard\system\CodeIgniter.php(312): CodeIgniter\CodeIgniter->handleRequest(NULL, Object(Config\Cache), false)
#5 C:\xampp\htdocs\layboard\layboard\index.php(45): CodeIgniter\CodeIgniter->run()
#6 {main}
CRITICAL - 2020-12-17 15:39:48 --> syntax error, unexpected ';'
#0 C:\xampp\htdocs\layboard\layboard\system\Common.php(1119): CodeIgniter\View\View->render('employers/jobs', Array, true)
#1 C:\xampp\htdocs\layboard\layboard\app\Controllers\PagesController.php(231): view('employers/jobs', Array)
#2 C:\xampp\htdocs\layboard\layboard\system\CodeIgniter.php(918): App\Controllers\PagesController->jobs()
#3 C:\xampp\htdocs\layboard\layboard\system\CodeIgniter.php(404): CodeIgniter\CodeIgniter->runController(Object(App\Controllers\PagesController))
#4 C:\xampp\htdocs\layboard\layboard\system\CodeIgniter.php(312): CodeIgniter\CodeIgniter->handleRequest(NULL, Object(Config\Cache), false)
#5 C:\xampp\htdocs\layboard\layboard\index.php(45): CodeIgniter\CodeIgniter->run()
#6 {main}
CRITICAL - 2020-12-17 15:59:47 --> syntax error, unexpected end of file
#0 C:\xampp\htdocs\layboard\layboard\system\Common.php(1119): CodeIgniter\View\View->render('employers/jobs', Array, true)
#1 C:\xampp\htdocs\layboard\layboard\app\Controllers\PagesController.php(231): view('employers/jobs', Array)
#2 C:\xampp\htdocs\layboard\layboard\system\CodeIgniter.php(918): App\Controllers\PagesController->jobs()
#3 C:\xampp\htdocs\layboard\layboard\system\CodeIgniter.php(404): CodeIgniter\CodeIgniter->runController(Object(App\Controllers\PagesController))
#4 C:\xampp\htdocs\layboard\layboard\system\CodeIgniter.php(312): CodeIgniter\CodeIgniter->handleRequest(NULL, Object(Config\Cache), false)
#5 C:\xampp\htdocs\layboard\layboard\index.php(45): CodeIgniter\CodeIgniter->run()
#6 {main}
