CRITICAL - 2021-03-25 15:16:05 --> syntax error, unexpected '{', expecting ')'
#0 C:\xampp\htdocs\layboard\layboard\system\Autoloader\Autoloader.php(296): CodeIgniter\Autoloader\Autoloader->requireFile('C:\\xampp\\htdocs...')
#1 C:\xampp\htdocs\layboard\layboard\system\Autoloader\Autoloader.php(258): CodeIgniter\Autoloader\Autoloader->loadInNamespace('App\\Models\\Jobs...')
#2 [internal function]: CodeIgniter\Autoloader\Autoloader->loadClass('App\\Models\\Jobs...')
#3 C:\xampp\htdocs\layboard\layboard\app\Controllers\PagesController.php(220): spl_autoload_call('App\\Models\\Jobs...')
#4 C:\xampp\htdocs\layboard\layboard\system\CodeIgniter.php(918): App\Controllers\PagesController->jobs()
#5 C:\xampp\htdocs\layboard\layboard\system\CodeIgniter.php(404): CodeIgniter\CodeIgniter->runController(Object(App\Controllers\PagesController))
#6 C:\xampp\htdocs\layboard\layboard\system\CodeIgniter.php(312): CodeIgniter\CodeIgniter->handleRequest(NULL, Object(Config\Cache), false)
#7 C:\xampp\htdocs\layboard\layboard\index.php(45): CodeIgniter\CodeIgniter->run()
#8 {main}
CRITICAL - 2021-03-25 15:16:27 --> Call to undefined method CodeIgniter\Database\MySQLi\Connection::trans_begin()
#0 C:\xampp\htdocs\layboard\layboard\app\Controllers\JobsController.php(139): App\Models\Jobs_model->delete_job_post('2')
#1 C:\xampp\htdocs\layboard\layboard\system\CodeIgniter.php(918): App\Controllers\JobsController->delete_job_post()
#2 C:\xampp\htdocs\layboard\layboard\system\CodeIgniter.php(404): CodeIgniter\CodeIgniter->runController(Object(App\Controllers\JobsController))
#3 C:\xampp\htdocs\layboard\layboard\system\CodeIgniter.php(312): CodeIgniter\CodeIgniter->handleRequest(NULL, Object(Config\Cache), false)
#4 C:\xampp\htdocs\layboard\layboard\index.php(45): CodeIgniter\CodeIgniter->run()
#5 {main}
CRITICAL - 2021-03-25 15:16:50 --> Call to undefined method CodeIgniter\Database\MySQLi\Connection::trans_begin()
#0 C:\xampp\htdocs\layboard\layboard\app\Controllers\JobsController.php(139): App\Models\Jobs_model->delete_job_post('2')
#1 C:\xampp\htdocs\layboard\layboard\system\CodeIgniter.php(918): App\Controllers\JobsController->delete_job_post()
#2 C:\xampp\htdocs\layboard\layboard\system\CodeIgniter.php(404): CodeIgniter\CodeIgniter->runController(Object(App\Controllers\JobsController))
#3 C:\xampp\htdocs\layboard\layboard\system\CodeIgniter.php(312): CodeIgniter\CodeIgniter->handleRequest(NULL, Object(Config\Cache), false)
#4 C:\xampp\htdocs\layboard\layboard\index.php(45): CodeIgniter\CodeIgniter->run()
#5 {main}
CRITICAL - 2021-03-25 15:18:24 --> Call to undefined method CodeIgniter\Database\MySQLi\Connection::trans_begin()
#0 C:\xampp\htdocs\layboard\layboard\app\Controllers\JobsController.php(139): App\Models\Jobs_model->delete_job_post('2')
#1 C:\xampp\htdocs\layboard\layboard\system\CodeIgniter.php(918): App\Controllers\JobsController->delete_job_post()
#2 C:\xampp\htdocs\layboard\layboard\system\CodeIgniter.php(404): CodeIgniter\CodeIgniter->runController(Object(App\Controllers\JobsController))
#3 C:\xampp\htdocs\layboard\layboard\system\CodeIgniter.php(312): CodeIgniter\CodeIgniter->handleRequest(NULL, Object(Config\Cache), false)
#4 C:\xampp\htdocs\layboard\layboard\index.php(45): CodeIgniter\CodeIgniter->run()
#5 {main}
CRITICAL - 2021-03-25 15:18:30 --> Call to undefined method CodeIgniter\Database\MySQLi\Connection::trans_begin()
#0 C:\xampp\htdocs\layboard\layboard\app\Controllers\JobsController.php(139): App\Models\Jobs_model->delete_job_post(NULL)
#1 C:\xampp\htdocs\layboard\layboard\system\CodeIgniter.php(918): App\Controllers\JobsController->delete_job_post()
#2 C:\xampp\htdocs\layboard\layboard\system\CodeIgniter.php(404): CodeIgniter\CodeIgniter->runController(Object(App\Controllers\JobsController))
#3 C:\xampp\htdocs\layboard\layboard\system\CodeIgniter.php(312): CodeIgniter\CodeIgniter->handleRequest(NULL, Object(Config\Cache), false)
#4 C:\xampp\htdocs\layboard\layboard\index.php(45): CodeIgniter\CodeIgniter->run()
#5 {main}
CRITICAL - 2021-03-25 15:19:27 --> Call to undefined method CodeIgniter\Database\MySQLi\Connection::trans_complete()
#0 C:\xampp\htdocs\layboard\layboard\app\Controllers\JobsController.php(139): App\Models\Jobs_model->delete_job_post('2')
#1 C:\xampp\htdocs\layboard\layboard\system\CodeIgniter.php(918): App\Controllers\JobsController->delete_job_post()
#2 C:\xampp\htdocs\layboard\layboard\system\CodeIgniter.php(404): CodeIgniter\CodeIgniter->runController(Object(App\Controllers\JobsController))
#3 C:\xampp\htdocs\layboard\layboard\system\CodeIgniter.php(312): CodeIgniter\CodeIgniter->handleRequest(NULL, Object(Config\Cache), false)
#4 C:\xampp\htdocs\layboard\layboard\index.php(45): CodeIgniter\CodeIgniter->run()
#5 {main}
CRITICAL - 2021-03-25 15:19:32 --> Call to undefined method CodeIgniter\Database\MySQLi\Connection::trans_complete()
#0 C:\xampp\htdocs\layboard\layboard\app\Controllers\JobsController.php(139): App\Models\Jobs_model->delete_job_post(NULL)
#1 C:\xampp\htdocs\layboard\layboard\system\CodeIgniter.php(918): App\Controllers\JobsController->delete_job_post()
#2 C:\xampp\htdocs\layboard\layboard\system\CodeIgniter.php(404): CodeIgniter\CodeIgniter->runController(Object(App\Controllers\JobsController))
#3 C:\xampp\htdocs\layboard\layboard\system\CodeIgniter.php(312): CodeIgniter\CodeIgniter->handleRequest(NULL, Object(Config\Cache), false)
#4 C:\xampp\htdocs\layboard\layboard\index.php(45): CodeIgniter\CodeIgniter->run()
#5 {main}
