CRITICAL - 2020-09-19 15:57:44 --> Call to a member function getVar() on null
#0 D:\ALLEN\XAMPP\htdocs\layboard\layboard\system\CodeIgniter.php(918): App\Controllers\EmployersController->create_account()
#1 D:\ALLEN\XAMPP\htdocs\layboard\layboard\system\CodeIgniter.php(404): CodeIgniter\CodeIgniter->runController(Object(App\Controllers\EmployersController))
#2 D:\ALLEN\XAMPP\htdocs\layboard\layboard\system\CodeIgniter.php(312): CodeIgniter\CodeIgniter->handleRequest(NULL, Object(Config\Cache), false)
#3 D:\ALLEN\XAMPP\htdocs\layboard\layboard\index.php(45): CodeIgniter\CodeIgniter->run()
#4 {main}
CRITICAL - 2020-09-19 15:57:52 --> Call to a member function getVar() on null
#0 D:\ALLEN\XAMPP\htdocs\layboard\layboard\system\CodeIgniter.php(918): App\Controllers\EmployersController->create_account()
#1 D:\ALLEN\XAMPP\htdocs\layboard\layboard\system\CodeIgniter.php(404): CodeIgniter\CodeIgniter->runController(Object(App\Controllers\EmployersController))
#2 D:\ALLEN\XAMPP\htdocs\layboard\layboard\system\CodeIgniter.php(312): CodeIgniter\CodeIgniter->handleRequest(NULL, Object(Config\Cache), false)
#3 D:\ALLEN\XAMPP\htdocs\layboard\layboard\index.php(45): CodeIgniter\CodeIgniter->run()
#4 {main}
CRITICAL - 2020-09-19 16:00:10 --> Call to a member function GenerateRandomString() on null
#0 D:\ALLEN\XAMPP\htdocs\layboard\layboard\app\Controllers\EmployersController.php(34): App\Models\Employers_model->create_account('aevinearl@gmail...', 'aevinearl', 'Aevin Earl', 'Molina')
#1 D:\ALLEN\XAMPP\htdocs\layboard\layboard\system\CodeIgniter.php(918): App\Controllers\EmployersController->create_account()
#2 D:\ALLEN\XAMPP\htdocs\layboard\layboard\system\CodeIgniter.php(404): CodeIgniter\CodeIgniter->runController(Object(App\Controllers\EmployersController))
#3 D:\ALLEN\XAMPP\htdocs\layboard\layboard\system\CodeIgniter.php(312): CodeIgniter\CodeIgniter->handleRequest(NULL, Object(Config\Cache), false)
#4 D:\ALLEN\XAMPP\htdocs\layboard\layboard\index.php(45): CodeIgniter\CodeIgniter->run()
#5 {main}
CRITICAL - 2020-09-19 16:01:05 --> Call to a member function countAllResults() on null
#0 D:\ALLEN\XAMPP\htdocs\layboard\layboard\app\Controllers\EmployersController.php(34): App\Models\Employers_model->create_account('aevinearl@gmail...', 'aevinearl', 'Aevin Earl', 'Molina')
#1 D:\ALLEN\XAMPP\htdocs\layboard\layboard\system\CodeIgniter.php(918): App\Controllers\EmployersController->create_account()
#2 D:\ALLEN\XAMPP\htdocs\layboard\layboard\system\CodeIgniter.php(404): CodeIgniter\CodeIgniter->runController(Object(App\Controllers\EmployersController))
#3 D:\ALLEN\XAMPP\htdocs\layboard\layboard\system\CodeIgniter.php(312): CodeIgniter\CodeIgniter->handleRequest(NULL, Object(Config\Cache), false)
#4 D:\ALLEN\XAMPP\htdocs\layboard\layboard\index.php(45): CodeIgniter\CodeIgniter->run()
#5 {main}
