CRITICAL - 2021-01-06 17:08:52 --> syntax error, unexpected '}', expecting '('
#0 C:\xampp\htdocs\layboard\layboard\system\Router\Router.php(195): CodeIgniter\Router\Router->autoRoute('/SkillsControll...')
#1 C:\xampp\htdocs\layboard\layboard\system\CodeIgniter.php(793): CodeIgniter\Router\Router->handle('/SkillsControll...')
#2 C:\xampp\htdocs\layboard\layboard\system\CodeIgniter.php(364): CodeIgniter\CodeIgniter->tryToRouteIt(Object(CodeIgniter\Router\RouteCollection))
#3 C:\xampp\htdocs\layboard\layboard\system\CodeIgniter.php(312): CodeIgniter\CodeIgniter->handleRequest(NULL, Object(Config\Cache), false)
#4 C:\xampp\htdocs\layboard\layboard\index.php(45): CodeIgniter\CodeIgniter->run()
#5 {main}
CRITICAL - 2021-01-06 17:08:53 --> syntax error, unexpected '}', expecting '('
#0 C:\xampp\htdocs\layboard\layboard\system\Router\Router.php(195): CodeIgniter\Router\Router->autoRoute('/SkillsControll...')
#1 C:\xampp\htdocs\layboard\layboard\system\CodeIgniter.php(793): CodeIgniter\Router\Router->handle('/SkillsControll...')
#2 C:\xampp\htdocs\layboard\layboard\system\CodeIgniter.php(364): CodeIgniter\CodeIgniter->tryToRouteIt(Object(CodeIgniter\Router\RouteCollection))
#3 C:\xampp\htdocs\layboard\layboard\system\CodeIgniter.php(312): CodeIgniter\CodeIgniter->handleRequest(NULL, Object(Config\Cache), false)
#4 C:\xampp\htdocs\layboard\layboard\index.php(45): CodeIgniter\CodeIgniter->run()
#5 {main}
CRITICAL - 2021-01-06 17:08:53 --> syntax error, unexpected '}', expecting '('
#0 C:\xampp\htdocs\layboard\layboard\system\Router\Router.php(195): CodeIgniter\Router\Router->autoRoute('/SkillsControll...')
#1 C:\xampp\htdocs\layboard\layboard\system\CodeIgniter.php(793): CodeIgniter\Router\Router->handle('/SkillsControll...')
#2 C:\xampp\htdocs\layboard\layboard\system\CodeIgniter.php(364): CodeIgniter\CodeIgniter->tryToRouteIt(Object(CodeIgniter\Router\RouteCollection))
#3 C:\xampp\htdocs\layboard\layboard\system\CodeIgniter.php(312): CodeIgniter\CodeIgniter->handleRequest(NULL, Object(Config\Cache), false)
#4 C:\xampp\htdocs\layboard\layboard\index.php(45): CodeIgniter\CodeIgniter->run()
#5 {main}
CRITICAL - 2021-01-06 17:08:53 --> syntax error, unexpected '}', expecting '('
#0 C:\xampp\htdocs\layboard\layboard\system\Router\Router.php(195): CodeIgniter\Router\Router->autoRoute('/SkillsControll...')
#1 C:\xampp\htdocs\layboard\layboard\system\CodeIgniter.php(793): CodeIgniter\Router\Router->handle('/SkillsControll...')
#2 C:\xampp\htdocs\layboard\layboard\system\CodeIgniter.php(364): CodeIgniter\CodeIgniter->tryToRouteIt(Object(CodeIgniter\Router\RouteCollection))
#3 C:\xampp\htdocs\layboard\layboard\system\CodeIgniter.php(312): CodeIgniter\CodeIgniter->handleRequest(NULL, Object(Config\Cache), false)
#4 C:\xampp\htdocs\layboard\layboard\index.php(45): CodeIgniter\CodeIgniter->run()
#5 {main}
CRITICAL - 2021-01-06 17:08:53 --> syntax error, unexpected '}', expecting '('
#0 C:\xampp\htdocs\layboard\layboard\system\Router\Router.php(195): CodeIgniter\Router\Router->autoRoute('/SkillsControll...')
#1 C:\xampp\htdocs\layboard\layboard\system\CodeIgniter.php(793): CodeIgniter\Router\Router->handle('/SkillsControll...')
#2 C:\xampp\htdocs\layboard\layboard\system\CodeIgniter.php(364): CodeIgniter\CodeIgniter->tryToRouteIt(Object(CodeIgniter\Router\RouteCollection))
#3 C:\xampp\htdocs\layboard\layboard\system\CodeIgniter.php(312): CodeIgniter\CodeIgniter->handleRequest(NULL, Object(Config\Cache), false)
#4 C:\xampp\htdocs\layboard\layboard\index.php(45): CodeIgniter\CodeIgniter->run()
#5 {main}
CRITICAL - 2021-01-06 17:08:53 --> syntax error, unexpected '}', expecting '('
#0 C:\xampp\htdocs\layboard\layboard\system\Router\Router.php(195): CodeIgniter\Router\Router->autoRoute('/SkillsControll...')
#1 C:\xampp\htdocs\layboard\layboard\system\CodeIgniter.php(793): CodeIgniter\Router\Router->handle('/SkillsControll...')
#2 C:\xampp\htdocs\layboard\layboard\system\CodeIgniter.php(364): CodeIgniter\CodeIgniter->tryToRouteIt(Object(CodeIgniter\Router\RouteCollection))
#3 C:\xampp\htdocs\layboard\layboard\system\CodeIgniter.php(312): CodeIgniter\CodeIgniter->handleRequest(NULL, Object(Config\Cache), false)
#4 C:\xampp\htdocs\layboard\layboard\index.php(45): CodeIgniter\CodeIgniter->run()
#5 {main}
CRITICAL - 2021-01-06 17:08:54 --> syntax error, unexpected '}', expecting '('
#0 C:\xampp\htdocs\layboard\layboard\system\Router\Router.php(195): CodeIgniter\Router\Router->autoRoute('/SkillsControll...')
#1 C:\xampp\htdocs\layboard\layboard\system\CodeIgniter.php(793): CodeIgniter\Router\Router->handle('/SkillsControll...')
#2 C:\xampp\htdocs\layboard\layboard\system\CodeIgniter.php(364): CodeIgniter\CodeIgniter->tryToRouteIt(Object(CodeIgniter\Router\RouteCollection))
#3 C:\xampp\htdocs\layboard\layboard\system\CodeIgniter.php(312): CodeIgniter\CodeIgniter->handleRequest(NULL, Object(Config\Cache), false)
#4 C:\xampp\htdocs\layboard\layboard\index.php(45): CodeIgniter\CodeIgniter->run()
#5 {main}
CRITICAL - 2021-01-06 17:08:54 --> syntax error, unexpected '}', expecting '('
#0 C:\xampp\htdocs\layboard\layboard\system\Router\Router.php(195): CodeIgniter\Router\Router->autoRoute('/SkillsControll...')
#1 C:\xampp\htdocs\layboard\layboard\system\CodeIgniter.php(793): CodeIgniter\Router\Router->handle('/SkillsControll...')
#2 C:\xampp\htdocs\layboard\layboard\system\CodeIgniter.php(364): CodeIgniter\CodeIgniter->tryToRouteIt(Object(CodeIgniter\Router\RouteCollection))
#3 C:\xampp\htdocs\layboard\layboard\system\CodeIgniter.php(312): CodeIgniter\CodeIgniter->handleRequest(NULL, Object(Config\Cache), false)
#4 C:\xampp\htdocs\layboard\layboard\index.php(45): CodeIgniter\CodeIgniter->run()
#5 {main}
CRITICAL - 2021-01-06 17:08:54 --> syntax error, unexpected '}', expecting '('
#0 C:\xampp\htdocs\layboard\layboard\system\Router\Router.php(195): CodeIgniter\Router\Router->autoRoute('/SkillsControll...')
#1 C:\xampp\htdocs\layboard\layboard\system\CodeIgniter.php(793): CodeIgniter\Router\Router->handle('/SkillsControll...')
#2 C:\xampp\htdocs\layboard\layboard\system\CodeIgniter.php(364): CodeIgniter\CodeIgniter->tryToRouteIt(Object(CodeIgniter\Router\RouteCollection))
#3 C:\xampp\htdocs\layboard\layboard\system\CodeIgniter.php(312): CodeIgniter\CodeIgniter->handleRequest(NULL, Object(Config\Cache), false)
#4 C:\xampp\htdocs\layboard\layboard\index.php(45): CodeIgniter\CodeIgniter->run()
#5 {main}
CRITICAL - 2021-01-06 17:08:54 --> syntax error, unexpected '}', expecting '('
#0 C:\xampp\htdocs\layboard\layboard\system\Router\Router.php(195): CodeIgniter\Router\Router->autoRoute('/SkillsControll...')
#1 C:\xampp\htdocs\layboard\layboard\system\CodeIgniter.php(793): CodeIgniter\Router\Router->handle('/SkillsControll...')
#2 C:\xampp\htdocs\layboard\layboard\system\CodeIgniter.php(364): CodeIgniter\CodeIgniter->tryToRouteIt(Object(CodeIgniter\Router\RouteCollection))
#3 C:\xampp\htdocs\layboard\layboard\system\CodeIgniter.php(312): CodeIgniter\CodeIgniter->handleRequest(NULL, Object(Config\Cache), false)
#4 C:\xampp\htdocs\layboard\layboard\index.php(45): CodeIgniter\CodeIgniter->run()
#5 {main}
CRITICAL - 2021-01-06 17:08:54 --> syntax error, unexpected '}', expecting '('
#0 C:\xampp\htdocs\layboard\layboard\system\Router\Router.php(195): CodeIgniter\Router\Router->autoRoute('/SkillsControll...')
#1 C:\xampp\htdocs\layboard\layboard\system\CodeIgniter.php(793): CodeIgniter\Router\Router->handle('/SkillsControll...')
#2 C:\xampp\htdocs\layboard\layboard\system\CodeIgniter.php(364): CodeIgniter\CodeIgniter->tryToRouteIt(Object(CodeIgniter\Router\RouteCollection))
#3 C:\xampp\htdocs\layboard\layboard\system\CodeIgniter.php(312): CodeIgniter\CodeIgniter->handleRequest(NULL, Object(Config\Cache), false)
#4 C:\xampp\htdocs\layboard\layboard\index.php(45): CodeIgniter\CodeIgniter->run()
#5 {main}
CRITICAL - 2021-01-06 17:08:54 --> syntax error, unexpected '}', expecting '('
#0 C:\xampp\htdocs\layboard\layboard\system\Router\Router.php(195): CodeIgniter\Router\Router->autoRoute('/SkillsControll...')
#1 C:\xampp\htdocs\layboard\layboard\system\CodeIgniter.php(793): CodeIgniter\Router\Router->handle('/SkillsControll...')
#2 C:\xampp\htdocs\layboard\layboard\system\CodeIgniter.php(364): CodeIgniter\CodeIgniter->tryToRouteIt(Object(CodeIgniter\Router\RouteCollection))
#3 C:\xampp\htdocs\layboard\layboard\system\CodeIgniter.php(312): CodeIgniter\CodeIgniter->handleRequest(NULL, Object(Config\Cache), false)
#4 C:\xampp\htdocs\layboard\layboard\index.php(45): CodeIgniter\CodeIgniter->run()
#5 {main}
CRITICAL - 2021-01-06 17:08:54 --> syntax error, unexpected '}', expecting '('
#0 C:\xampp\htdocs\layboard\layboard\system\Router\Router.php(195): CodeIgniter\Router\Router->autoRoute('/SkillsControll...')
#1 C:\xampp\htdocs\layboard\layboard\system\CodeIgniter.php(793): CodeIgniter\Router\Router->handle('/SkillsControll...')
#2 C:\xampp\htdocs\layboard\layboard\system\CodeIgniter.php(364): CodeIgniter\CodeIgniter->tryToRouteIt(Object(CodeIgniter\Router\RouteCollection))
#3 C:\xampp\htdocs\layboard\layboard\system\CodeIgniter.php(312): CodeIgniter\CodeIgniter->handleRequest(NULL, Object(Config\Cache), false)
#4 C:\xampp\htdocs\layboard\layboard\index.php(45): CodeIgniter\CodeIgniter->run()
#5 {main}
CRITICAL - 2021-01-06 17:09:22 --> syntax error, unexpected '}', expecting '('
#0 C:\xampp\htdocs\layboard\layboard\system\Router\Router.php(195): CodeIgniter\Router\Router->autoRoute('/SkillsControll...')
#1 C:\xampp\htdocs\layboard\layboard\system\CodeIgniter.php(793): CodeIgniter\Router\Router->handle('/SkillsControll...')
#2 C:\xampp\htdocs\layboard\layboard\system\CodeIgniter.php(364): CodeIgniter\CodeIgniter->tryToRouteIt(Object(CodeIgniter\Router\RouteCollection))
#3 C:\xampp\htdocs\layboard\layboard\system\CodeIgniter.php(312): CodeIgniter\CodeIgniter->handleRequest(NULL, Object(Config\Cache), false)
#4 C:\xampp\htdocs\layboard\layboard\index.php(45): CodeIgniter\CodeIgniter->run()
#5 {main}
