CRITICAL - 2020-12-10 00:46:11 --> syntax error, unexpected '". ."' (T_CONSTANT_ENCAPSED_STRING), expecting ';' or ','
#0 C:\xampp\htdocs\layboard\layboard\system\Router\Router.php(195): CodeIgniter\Router\Router->autoRoute('/FreelancersCon...')
#1 C:\xampp\htdocs\layboard\layboard\system\CodeIgniter.php(793): CodeIgniter\Router\Router->handle('/FreelancersCon...')
#2 C:\xampp\htdocs\layboard\layboard\system\CodeIgniter.php(364): CodeIgniter\CodeIgniter->tryToRouteIt(Object(CodeIgniter\Router\RouteCollection))
#3 C:\xampp\htdocs\layboard\layboard\system\CodeIgniter.php(312): CodeIgniter\CodeIgniter->handleRequest(NULL, Object(Config\Cache), false)
#4 C:\xampp\htdocs\layboard\layboard\index.php(45): CodeIgniter\CodeIgniter->run()
#5 {main}
CRITICAL - 2020-12-10 00:46:14 --> syntax error, unexpected '". ."' (T_CONSTANT_ENCAPSED_STRING), expecting ';' or ','
#0 C:\xampp\htdocs\layboard\layboard\system\Router\Router.php(195): CodeIgniter\Router\Router->autoRoute('/FreelancersCon...')
#1 C:\xampp\htdocs\layboard\layboard\system\CodeIgniter.php(793): CodeIgniter\Router\Router->handle('/FreelancersCon...')
#2 C:\xampp\htdocs\layboard\layboard\system\CodeIgniter.php(364): CodeIgniter\CodeIgniter->tryToRouteIt(Object(CodeIgniter\Router\RouteCollection))
#3 C:\xampp\htdocs\layboard\layboard\system\CodeIgniter.php(312): CodeIgniter\CodeIgniter->handleRequest(NULL, Object(Config\Cache), false)
#4 C:\xampp\htdocs\layboard\layboard\index.php(45): CodeIgniter\CodeIgniter->run()
#5 {main}
CRITICAL - 2020-12-10 00:48:13 --> syntax error, unexpected '". ."' (T_CONSTANT_ENCAPSED_STRING), expecting ';' or ','
#0 C:\xampp\htdocs\layboard\layboard\system\Router\Router.php(195): CodeIgniter\Router\Router->autoRoute('/FreelancersCon...')
#1 C:\xampp\htdocs\layboard\layboard\system\CodeIgniter.php(793): CodeIgniter\Router\Router->handle('/FreelancersCon...')
#2 C:\xampp\htdocs\layboard\layboard\system\CodeIgniter.php(364): CodeIgniter\CodeIgniter->tryToRouteIt(Object(CodeIgniter\Router\RouteCollection))
#3 C:\xampp\htdocs\layboard\layboard\system\CodeIgniter.php(312): CodeIgniter\CodeIgniter->handleRequest(NULL, Object(Config\Cache), false)
#4 C:\xampp\htdocs\layboard\layboard\index.php(45): CodeIgniter\CodeIgniter->run()
#5 {main}
CRITICAL - 2020-12-10 00:54:23 --> syntax error, unexpected '". ."' (T_CONSTANT_ENCAPSED_STRING), expecting ';' or ','
#0 C:\xampp\htdocs\layboard\layboard\system\Router\Router.php(195): CodeIgniter\Router\Router->autoRoute('/FreelancersCon...')
#1 C:\xampp\htdocs\layboard\layboard\system\CodeIgniter.php(793): CodeIgniter\Router\Router->handle('/FreelancersCon...')
#2 C:\xampp\htdocs\layboard\layboard\system\CodeIgniter.php(364): CodeIgniter\CodeIgniter->tryToRouteIt(Object(CodeIgniter\Router\RouteCollection))
#3 C:\xampp\htdocs\layboard\layboard\system\CodeIgniter.php(312): CodeIgniter\CodeIgniter->handleRequest(NULL, Object(Config\Cache), false)
#4 C:\xampp\htdocs\layboard\layboard\index.php(45): CodeIgniter\CodeIgniter->run()
#5 {main}
CRITICAL - 2020-12-10 00:56:43 --> syntax error, unexpected '". ."' (T_CONSTANT_ENCAPSED_STRING), expecting ';' or ','
#0 C:\xampp\htdocs\layboard\layboard\system\Router\Router.php(195): CodeIgniter\Router\Router->autoRoute('/FreelancersCon...')
#1 C:\xampp\htdocs\layboard\layboard\system\CodeIgniter.php(793): CodeIgniter\Router\Router->handle('/FreelancersCon...')
#2 C:\xampp\htdocs\layboard\layboard\system\CodeIgniter.php(364): CodeIgniter\CodeIgniter->tryToRouteIt(Object(CodeIgniter\Router\RouteCollection))
#3 C:\xampp\htdocs\layboard\layboard\system\CodeIgniter.php(312): CodeIgniter\CodeIgniter->handleRequest(NULL, Object(Config\Cache), false)
#4 C:\xampp\htdocs\layboard\layboard\index.php(45): CodeIgniter\CodeIgniter->run()
#5 {main}
CRITICAL - 2020-12-10 00:57:55 --> syntax error, unexpected '". ."' (T_CONSTANT_ENCAPSED_STRING), expecting ';' or ','
#0 C:\xampp\htdocs\layboard\layboard\system\Router\Router.php(195): CodeIgniter\Router\Router->autoRoute('/FreelancersCon...')
#1 C:\xampp\htdocs\layboard\layboard\system\CodeIgniter.php(793): CodeIgniter\Router\Router->handle('/FreelancersCon...')
#2 C:\xampp\htdocs\layboard\layboard\system\CodeIgniter.php(364): CodeIgniter\CodeIgniter->tryToRouteIt(Object(CodeIgniter\Router\RouteCollection))
#3 C:\xampp\htdocs\layboard\layboard\system\CodeIgniter.php(312): CodeIgniter\CodeIgniter->handleRequest(NULL, Object(Config\Cache), false)
#4 C:\xampp\htdocs\layboard\layboard\index.php(45): CodeIgniter\CodeIgniter->run()
#5 {main}
CRITICAL - 2020-12-10 00:57:59 --> syntax error, unexpected '". ."' (T_CONSTANT_ENCAPSED_STRING), expecting ';' or ','
#0 C:\xampp\htdocs\layboard\layboard\system\Router\Router.php(195): CodeIgniter\Router\Router->autoRoute('/FreelancersCon...')
#1 C:\xampp\htdocs\layboard\layboard\system\CodeIgniter.php(793): CodeIgniter\Router\Router->handle('/FreelancersCon...')
#2 C:\xampp\htdocs\layboard\layboard\system\CodeIgniter.php(364): CodeIgniter\CodeIgniter->tryToRouteIt(Object(CodeIgniter\Router\RouteCollection))
#3 C:\xampp\htdocs\layboard\layboard\system\CodeIgniter.php(312): CodeIgniter\CodeIgniter->handleRequest(NULL, Object(Config\Cache), false)
#4 C:\xampp\htdocs\layboard\layboard\index.php(45): CodeIgniter\CodeIgniter->run()
#5 {main}
CRITICAL - 2020-12-10 00:57:59 --> syntax error, unexpected '". ."' (T_CONSTANT_ENCAPSED_STRING), expecting ';' or ','
#0 C:\xampp\htdocs\layboard\layboard\system\Router\Router.php(195): CodeIgniter\Router\Router->autoRoute('/FreelancersCon...')
#1 C:\xampp\htdocs\layboard\layboard\system\CodeIgniter.php(793): CodeIgniter\Router\Router->handle('/FreelancersCon...')
#2 C:\xampp\htdocs\layboard\layboard\system\CodeIgniter.php(364): CodeIgniter\CodeIgniter->tryToRouteIt(Object(CodeIgniter\Router\RouteCollection))
#3 C:\xampp\htdocs\layboard\layboard\system\CodeIgniter.php(312): CodeIgniter\CodeIgniter->handleRequest(NULL, Object(Config\Cache), false)
#4 C:\xampp\htdocs\layboard\layboard\index.php(45): CodeIgniter\CodeIgniter->run()
#5 {main}
CRITICAL - 2020-12-10 00:57:59 --> syntax error, unexpected '". ."' (T_CONSTANT_ENCAPSED_STRING), expecting ';' or ','
#0 C:\xampp\htdocs\layboard\layboard\system\Router\Router.php(195): CodeIgniter\Router\Router->autoRoute('/FreelancersCon...')
#1 C:\xampp\htdocs\layboard\layboard\system\CodeIgniter.php(793): CodeIgniter\Router\Router->handle('/FreelancersCon...')
#2 C:\xampp\htdocs\layboard\layboard\system\CodeIgniter.php(364): CodeIgniter\CodeIgniter->tryToRouteIt(Object(CodeIgniter\Router\RouteCollection))
#3 C:\xampp\htdocs\layboard\layboard\system\CodeIgniter.php(312): CodeIgniter\CodeIgniter->handleRequest(NULL, Object(Config\Cache), false)
#4 C:\xampp\htdocs\layboard\layboard\index.php(45): CodeIgniter\CodeIgniter->run()
#5 {main}
CRITICAL - 2020-12-10 00:57:59 --> syntax error, unexpected '". ."' (T_CONSTANT_ENCAPSED_STRING), expecting ';' or ','
#0 C:\xampp\htdocs\layboard\layboard\system\Router\Router.php(195): CodeIgniter\Router\Router->autoRoute('/FreelancersCon...')
#1 C:\xampp\htdocs\layboard\layboard\system\CodeIgniter.php(793): CodeIgniter\Router\Router->handle('/FreelancersCon...')
#2 C:\xampp\htdocs\layboard\layboard\system\CodeIgniter.php(364): CodeIgniter\CodeIgniter->tryToRouteIt(Object(CodeIgniter\Router\RouteCollection))
#3 C:\xampp\htdocs\layboard\layboard\system\CodeIgniter.php(312): CodeIgniter\CodeIgniter->handleRequest(NULL, Object(Config\Cache), false)
#4 C:\xampp\htdocs\layboard\layboard\index.php(45): CodeIgniter\CodeIgniter->run()
#5 {main}
CRITICAL - 2020-12-10 00:57:59 --> syntax error, unexpected '". ."' (T_CONSTANT_ENCAPSED_STRING), expecting ';' or ','
#0 C:\xampp\htdocs\layboard\layboard\system\Router\Router.php(195): CodeIgniter\Router\Router->autoRoute('/FreelancersCon...')
#1 C:\xampp\htdocs\layboard\layboard\system\CodeIgniter.php(793): CodeIgniter\Router\Router->handle('/FreelancersCon...')
#2 C:\xampp\htdocs\layboard\layboard\system\CodeIgniter.php(364): CodeIgniter\CodeIgniter->tryToRouteIt(Object(CodeIgniter\Router\RouteCollection))
#3 C:\xampp\htdocs\layboard\layboard\system\CodeIgniter.php(312): CodeIgniter\CodeIgniter->handleRequest(NULL, Object(Config\Cache), false)
#4 C:\xampp\htdocs\layboard\layboard\index.php(45): CodeIgniter\CodeIgniter->run()
#5 {main}
CRITICAL - 2020-12-10 00:58:00 --> syntax error, unexpected '". ."' (T_CONSTANT_ENCAPSED_STRING), expecting ';' or ','
#0 C:\xampp\htdocs\layboard\layboard\system\Router\Router.php(195): CodeIgniter\Router\Router->autoRoute('/FreelancersCon...')
#1 C:\xampp\htdocs\layboard\layboard\system\CodeIgniter.php(793): CodeIgniter\Router\Router->handle('/FreelancersCon...')
#2 C:\xampp\htdocs\layboard\layboard\system\CodeIgniter.php(364): CodeIgniter\CodeIgniter->tryToRouteIt(Object(CodeIgniter\Router\RouteCollection))
#3 C:\xampp\htdocs\layboard\layboard\system\CodeIgniter.php(312): CodeIgniter\CodeIgniter->handleRequest(NULL, Object(Config\Cache), false)
#4 C:\xampp\htdocs\layboard\layboard\index.php(45): CodeIgniter\CodeIgniter->run()
#5 {main}
CRITICAL - 2020-12-10 00:58:00 --> syntax error, unexpected '". ."' (T_CONSTANT_ENCAPSED_STRING), expecting ';' or ','
#0 C:\xampp\htdocs\layboard\layboard\system\Router\Router.php(195): CodeIgniter\Router\Router->autoRoute('/FreelancersCon...')
#1 C:\xampp\htdocs\layboard\layboard\system\CodeIgniter.php(793): CodeIgniter\Router\Router->handle('/FreelancersCon...')
#2 C:\xampp\htdocs\layboard\layboard\system\CodeIgniter.php(364): CodeIgniter\CodeIgniter->tryToRouteIt(Object(CodeIgniter\Router\RouteCollection))
#3 C:\xampp\htdocs\layboard\layboard\system\CodeIgniter.php(312): CodeIgniter\CodeIgniter->handleRequest(NULL, Object(Config\Cache), false)
#4 C:\xampp\htdocs\layboard\layboard\index.php(45): CodeIgniter\CodeIgniter->run()
#5 {main}
CRITICAL - 2020-12-10 00:58:19 --> syntax error, unexpected '". ."' (T_CONSTANT_ENCAPSED_STRING), expecting ';' or ','
#0 C:\xampp\htdocs\layboard\layboard\system\Router\Router.php(195): CodeIgniter\Router\Router->autoRoute('/FreelancersCon...')
#1 C:\xampp\htdocs\layboard\layboard\system\CodeIgniter.php(793): CodeIgniter\Router\Router->handle('/FreelancersCon...')
#2 C:\xampp\htdocs\layboard\layboard\system\CodeIgniter.php(364): CodeIgniter\CodeIgniter->tryToRouteIt(Object(CodeIgniter\Router\RouteCollection))
#3 C:\xampp\htdocs\layboard\layboard\system\CodeIgniter.php(312): CodeIgniter\CodeIgniter->handleRequest(NULL, Object(Config\Cache), false)
#4 C:\xampp\htdocs\layboard\layboard\index.php(45): CodeIgniter\CodeIgniter->run()
#5 {main}
CRITICAL - 2020-12-10 04:27:35 --> Call to a member function get_info() on null
#0 C:\xampp\htdocs\layboard\layboard\system\CodeIgniter.php(918): App\Controllers\PagesController->dashboard()
#1 C:\xampp\htdocs\layboard\layboard\system\CodeIgniter.php(404): CodeIgniter\CodeIgniter->runController(Object(App\Controllers\PagesController))
#2 C:\xampp\htdocs\layboard\layboard\system\CodeIgniter.php(312): CodeIgniter\CodeIgniter->handleRequest(NULL, Object(Config\Cache), false)
#3 C:\xampp\htdocs\layboard\layboard\index.php(45): CodeIgniter\CodeIgniter->run()
#4 {main}
CRITICAL - 2020-12-10 04:27:36 --> Call to a member function get_info() on null
#0 C:\xampp\htdocs\layboard\layboard\system\CodeIgniter.php(918): App\Controllers\PagesController->dashboard()
#1 C:\xampp\htdocs\layboard\layboard\system\CodeIgniter.php(404): CodeIgniter\CodeIgniter->runController(Object(App\Controllers\PagesController))
#2 C:\xampp\htdocs\layboard\layboard\system\CodeIgniter.php(312): CodeIgniter\CodeIgniter->handleRequest(NULL, Object(Config\Cache), false)
#3 C:\xampp\htdocs\layboard\layboard\index.php(45): CodeIgniter\CodeIgniter->run()
#4 {main}
CRITICAL - 2020-12-10 04:28:06 --> Call to a member function get_info() on null
#0 C:\xampp\htdocs\layboard\layboard\system\CodeIgniter.php(918): App\Controllers\PagesController->dashboard()
#1 C:\xampp\htdocs\layboard\layboard\system\CodeIgniter.php(404): CodeIgniter\CodeIgniter->runController(Object(App\Controllers\PagesController))
#2 C:\xampp\htdocs\layboard\layboard\system\CodeIgniter.php(312): CodeIgniter\CodeIgniter->handleRequest(NULL, Object(Config\Cache), false)
#3 C:\xampp\htdocs\layboard\layboard\index.php(45): CodeIgniter\CodeIgniter->run()
#4 {main}
CRITICAL - 2020-12-10 04:31:17 --> Call to a member function get_info() on null
#0 C:\xampp\htdocs\layboard\layboard\system\CodeIgniter.php(918): App\Controllers\PagesController->dashboard()
#1 C:\xampp\htdocs\layboard\layboard\system\CodeIgniter.php(404): CodeIgniter\CodeIgniter->runController(Object(App\Controllers\PagesController))
#2 C:\xampp\htdocs\layboard\layboard\system\CodeIgniter.php(312): CodeIgniter\CodeIgniter->handleRequest(NULL, Object(Config\Cache), false)
#3 C:\xampp\htdocs\layboard\layboard\index.php(45): CodeIgniter\CodeIgniter->run()
#4 {main}
CRITICAL - 2020-12-10 04:32:30 --> Call to a member function get_info() on null
#0 C:\xampp\htdocs\layboard\layboard\system\CodeIgniter.php(918): App\Controllers\PagesController->dashboard()
#1 C:\xampp\htdocs\layboard\layboard\system\CodeIgniter.php(404): CodeIgniter\CodeIgniter->runController(Object(App\Controllers\PagesController))
#2 C:\xampp\htdocs\layboard\layboard\system\CodeIgniter.php(312): CodeIgniter\CodeIgniter->handleRequest(NULL, Object(Config\Cache), false)
#3 C:\xampp\htdocs\layboard\layboard\index.php(45): CodeIgniter\CodeIgniter->run()
#4 {main}
