CRITICAL - 2020-09-20 09:08:58 --> Invalid file: pages/.php
#0 D:\ALLEN\XAMPP\htdocs\layboard\layboard\system\View\View.php(228): CodeIgniter\Exceptions\FrameworkException::forInvalidFile('pages/.php')
#1 D:\ALLEN\XAMPP\htdocs\layboard\layboard\system\Common.php(1119): CodeIgniter\View\View->render('pages/', Array, true)
#2 D:\ALLEN\XAMPP\htdocs\layboard\layboard\app\Controllers\PagesController.php(34): view('pages/', Array)
#3 D:\ALLEN\XAMPP\htdocs\layboard\layboard\system\CodeIgniter.php(918): App\Controllers\PagesController->home()
#4 D:\ALLEN\XAMPP\htdocs\layboard\layboard\system\CodeIgniter.php(404): CodeIgniter\CodeIgniter->runController(Object(App\Controllers\PagesController))
#5 D:\ALLEN\XAMPP\htdocs\layboard\layboard\system\CodeIgniter.php(312): CodeIgniter\CodeIgniter->handleRequest(NULL, Object(Config\Cache), false)
#6 D:\ALLEN\XAMPP\htdocs\layboard\layboard\index.php(45): CodeIgniter\CodeIgniter->run()
#7 {main}
CRITICAL - 2020-09-20 09:10:29 --> Invalid file: pages/.php
#0 D:\ALLEN\XAMPP\htdocs\layboard\layboard\system\View\View.php(228): CodeIgniter\Exceptions\FrameworkException::forInvalidFile('pages/.php')
#1 D:\ALLEN\XAMPP\htdocs\layboard\layboard\system\Common.php(1119): CodeIgniter\View\View->render('pages/', Array, true)
#2 D:\ALLEN\XAMPP\htdocs\layboard\layboard\app\Controllers\PagesController.php(17): view('pages/', Array)
#3 D:\ALLEN\XAMPP\htdocs\layboard\layboard\system\CodeIgniter.php(918): App\Controllers\PagesController->index()
#4 D:\ALLEN\XAMPP\htdocs\layboard\layboard\system\CodeIgniter.php(404): CodeIgniter\CodeIgniter->runController(Object(App\Controllers\PagesController))
#5 D:\ALLEN\XAMPP\htdocs\layboard\layboard\system\CodeIgniter.php(312): CodeIgniter\CodeIgniter->handleRequest(NULL, Object(Config\Cache), false)
#6 D:\ALLEN\XAMPP\htdocs\layboard\layboard\index.php(45): CodeIgniter\CodeIgniter->run()
#7 {main}
CRITICAL - 2020-09-20 09:11:21 --> Invalid file: pages/.php
#0 D:\ALLEN\XAMPP\htdocs\layboard\layboard\system\View\View.php(228): CodeIgniter\Exceptions\FrameworkException::forInvalidFile('pages/.php')
#1 D:\ALLEN\XAMPP\htdocs\layboard\layboard\system\Common.php(1119): CodeIgniter\View\View->render('pages/', Array, true)
#2 D:\ALLEN\XAMPP\htdocs\layboard\layboard\app\Controllers\PagesController.php(17): view('pages/', Array)
#3 D:\ALLEN\XAMPP\htdocs\layboard\layboard\system\CodeIgniter.php(918): App\Controllers\PagesController->index()
#4 D:\ALLEN\XAMPP\htdocs\layboard\layboard\system\CodeIgniter.php(404): CodeIgniter\CodeIgniter->runController(Object(App\Controllers\PagesController))
#5 D:\ALLEN\XAMPP\htdocs\layboard\layboard\system\CodeIgniter.php(312): CodeIgniter\CodeIgniter->handleRequest(NULL, Object(Config\Cache), false)
#6 D:\ALLEN\XAMPP\htdocs\layboard\layboard\index.php(45): CodeIgniter\CodeIgniter->run()
#7 {main}
CRITICAL - 2020-09-20 09:11:56 --> Invalid file: pages/.php
#0 D:\ALLEN\XAMPP\htdocs\layboard\layboard\system\View\View.php(228): CodeIgniter\Exceptions\FrameworkException::forInvalidFile('pages/.php')
#1 D:\ALLEN\XAMPP\htdocs\layboard\layboard\system\Common.php(1119): CodeIgniter\View\View->render('pages/', Array, true)
#2 D:\ALLEN\XAMPP\htdocs\layboard\layboard\app\Controllers\PagesController.php(17): view('pages/', Array)
#3 D:\ALLEN\XAMPP\htdocs\layboard\layboard\system\CodeIgniter.php(918): App\Controllers\PagesController->index()
#4 D:\ALLEN\XAMPP\htdocs\layboard\layboard\system\CodeIgniter.php(404): CodeIgniter\CodeIgniter->runController(Object(App\Controllers\PagesController))
#5 D:\ALLEN\XAMPP\htdocs\layboard\layboard\system\CodeIgniter.php(312): CodeIgniter\CodeIgniter->handleRequest(NULL, Object(Config\Cache), false)
#6 D:\ALLEN\XAMPP\htdocs\layboard\layboard\index.php(45): CodeIgniter\CodeIgniter->run()
#7 {main}
CRITICAL - 2020-09-20 09:11:57 --> Invalid file: pages/.php
#0 D:\ALLEN\XAMPP\htdocs\layboard\layboard\system\View\View.php(228): CodeIgniter\Exceptions\FrameworkException::forInvalidFile('pages/.php')
#1 D:\ALLEN\XAMPP\htdocs\layboard\layboard\system\Common.php(1119): CodeIgniter\View\View->render('pages/', Array, true)
#2 D:\ALLEN\XAMPP\htdocs\layboard\layboard\app\Controllers\PagesController.php(17): view('pages/', Array)
#3 D:\ALLEN\XAMPP\htdocs\layboard\layboard\system\CodeIgniter.php(918): App\Controllers\PagesController->index()
#4 D:\ALLEN\XAMPP\htdocs\layboard\layboard\system\CodeIgniter.php(404): CodeIgniter\CodeIgniter->runController(Object(App\Controllers\PagesController))
#5 D:\ALLEN\XAMPP\htdocs\layboard\layboard\system\CodeIgniter.php(312): CodeIgniter\CodeIgniter->handleRequest(NULL, Object(Config\Cache), false)
#6 D:\ALLEN\XAMPP\htdocs\layboard\layboard\index.php(45): CodeIgniter\CodeIgniter->run()
#7 {main}
CRITICAL - 2020-09-20 09:11:58 --> Invalid file: pages/.php
#0 D:\ALLEN\XAMPP\htdocs\layboard\layboard\system\View\View.php(228): CodeIgniter\Exceptions\FrameworkException::forInvalidFile('pages/.php')
#1 D:\ALLEN\XAMPP\htdocs\layboard\layboard\system\Common.php(1119): CodeIgniter\View\View->render('pages/', Array, true)
#2 D:\ALLEN\XAMPP\htdocs\layboard\layboard\app\Controllers\PagesController.php(17): view('pages/', Array)
#3 D:\ALLEN\XAMPP\htdocs\layboard\layboard\system\CodeIgniter.php(918): App\Controllers\PagesController->index()
#4 D:\ALLEN\XAMPP\htdocs\layboard\layboard\system\CodeIgniter.php(404): CodeIgniter\CodeIgniter->runController(Object(App\Controllers\PagesController))
#5 D:\ALLEN\XAMPP\htdocs\layboard\layboard\system\CodeIgniter.php(312): CodeIgniter\CodeIgniter->handleRequest(NULL, Object(Config\Cache), false)
#6 D:\ALLEN\XAMPP\htdocs\layboard\layboard\index.php(45): CodeIgniter\CodeIgniter->run()
#7 {main}
CRITICAL - 2020-09-20 09:11:59 --> Invalid file: pages/.php
#0 D:\ALLEN\XAMPP\htdocs\layboard\layboard\system\View\View.php(228): CodeIgniter\Exceptions\FrameworkException::forInvalidFile('pages/.php')
#1 D:\ALLEN\XAMPP\htdocs\layboard\layboard\system\Common.php(1119): CodeIgniter\View\View->render('pages/', Array, true)
#2 D:\ALLEN\XAMPP\htdocs\layboard\layboard\app\Controllers\PagesController.php(17): view('pages/', Array)
#3 D:\ALLEN\XAMPP\htdocs\layboard\layboard\system\CodeIgniter.php(918): App\Controllers\PagesController->index()
#4 D:\ALLEN\XAMPP\htdocs\layboard\layboard\system\CodeIgniter.php(404): CodeIgniter\CodeIgniter->runController(Object(App\Controllers\PagesController))
#5 D:\ALLEN\XAMPP\htdocs\layboard\layboard\system\CodeIgniter.php(312): CodeIgniter\CodeIgniter->handleRequest(NULL, Object(Config\Cache), false)
#6 D:\ALLEN\XAMPP\htdocs\layboard\layboard\index.php(45): CodeIgniter\CodeIgniter->run()
#7 {main}
CRITICAL - 2020-09-20 09:11:59 --> Invalid file: pages/.php
#0 D:\ALLEN\XAMPP\htdocs\layboard\layboard\system\View\View.php(228): CodeIgniter\Exceptions\FrameworkException::forInvalidFile('pages/.php')
#1 D:\ALLEN\XAMPP\htdocs\layboard\layboard\system\Common.php(1119): CodeIgniter\View\View->render('pages/', Array, true)
#2 D:\ALLEN\XAMPP\htdocs\layboard\layboard\app\Controllers\PagesController.php(17): view('pages/', Array)
#3 D:\ALLEN\XAMPP\htdocs\layboard\layboard\system\CodeIgniter.php(918): App\Controllers\PagesController->index()
#4 D:\ALLEN\XAMPP\htdocs\layboard\layboard\system\CodeIgniter.php(404): CodeIgniter\CodeIgniter->runController(Object(App\Controllers\PagesController))
#5 D:\ALLEN\XAMPP\htdocs\layboard\layboard\system\CodeIgniter.php(312): CodeIgniter\CodeIgniter->handleRequest(NULL, Object(Config\Cache), false)
#6 D:\ALLEN\XAMPP\htdocs\layboard\layboard\index.php(45): CodeIgniter\CodeIgniter->run()
#7 {main}
CRITICAL - 2020-09-20 09:12:31 --> Invalid file: pages/.php
#0 D:\ALLEN\XAMPP\htdocs\layboard\layboard\system\View\View.php(228): CodeIgniter\Exceptions\FrameworkException::forInvalidFile('pages/.php')
#1 D:\ALLEN\XAMPP\htdocs\layboard\layboard\system\Common.php(1119): CodeIgniter\View\View->render('pages/', Array, true)
#2 D:\ALLEN\XAMPP\htdocs\layboard\layboard\app\Controllers\PagesController.php(34): view('pages/', Array)
#3 D:\ALLEN\XAMPP\htdocs\layboard\layboard\system\CodeIgniter.php(918): App\Controllers\PagesController->home()
#4 D:\ALLEN\XAMPP\htdocs\layboard\layboard\system\CodeIgniter.php(404): CodeIgniter\CodeIgniter->runController(Object(App\Controllers\PagesController))
#5 D:\ALLEN\XAMPP\htdocs\layboard\layboard\system\CodeIgniter.php(312): CodeIgniter\CodeIgniter->handleRequest(NULL, Object(Config\Cache), false)
#6 D:\ALLEN\XAMPP\htdocs\layboard\layboard\index.php(45): CodeIgniter\CodeIgniter->run()
#7 {main}
CRITICAL - 2020-09-20 16:11:35 --> Call to a member function query() on null
#0 D:\ALLEN\XAMPP\htdocs\layboard\layboard\app\Controllers\PagesController.php(48): App\Models\Freelancers_model->get_info('a1')
#1 D:\ALLEN\XAMPP\htdocs\layboard\layboard\system\CodeIgniter.php(918): App\Controllers\PagesController->profile('freelancer', 'a1')
#2 D:\ALLEN\XAMPP\htdocs\layboard\layboard\system\CodeIgniter.php(404): CodeIgniter\CodeIgniter->runController(Object(App\Controllers\PagesController))
#3 D:\ALLEN\XAMPP\htdocs\layboard\layboard\system\CodeIgniter.php(312): CodeIgniter\CodeIgniter->handleRequest(NULL, Object(Config\Cache), false)
#4 D:\ALLEN\XAMPP\htdocs\layboard\layboard\index.php(45): CodeIgniter\CodeIgniter->run()
#5 {main}
CRITICAL - 2020-09-20 16:12:23 --> Call to a member function query() on null
#0 D:\ALLEN\XAMPP\htdocs\layboard\layboard\app\Controllers\PagesController.php(48): App\Models\Freelancers_model->get_info('a1')
#1 D:\ALLEN\XAMPP\htdocs\layboard\layboard\system\CodeIgniter.php(918): App\Controllers\PagesController->profile('freelancer', 'a1')
#2 D:\ALLEN\XAMPP\htdocs\layboard\layboard\system\CodeIgniter.php(404): CodeIgniter\CodeIgniter->runController(Object(App\Controllers\PagesController))
#3 D:\ALLEN\XAMPP\htdocs\layboard\layboard\system\CodeIgniter.php(312): CodeIgniter\CodeIgniter->handleRequest(NULL, Object(Config\Cache), false)
#4 D:\ALLEN\XAMPP\htdocs\layboard\layboard\index.php(45): CodeIgniter\CodeIgniter->run()
#5 {main}
CRITICAL - 2020-09-20 16:12:44 --> Return value of App\Models\Freelancers_model::get_info() must be of the type array, null returned
#0 D:\ALLEN\XAMPP\htdocs\layboard\layboard\app\Controllers\PagesController.php(48): App\Models\Freelancers_model->get_info('a1')
#1 D:\ALLEN\XAMPP\htdocs\layboard\layboard\system\CodeIgniter.php(918): App\Controllers\PagesController->profile('freelancer', 'a1')
#2 D:\ALLEN\XAMPP\htdocs\layboard\layboard\system\CodeIgniter.php(404): CodeIgniter\CodeIgniter->runController(Object(App\Controllers\PagesController))
#3 D:\ALLEN\XAMPP\htdocs\layboard\layboard\system\CodeIgniter.php(312): CodeIgniter\CodeIgniter->handleRequest(NULL, Object(Config\Cache), false)
#4 D:\ALLEN\XAMPP\htdocs\layboard\layboard\index.php(45): CodeIgniter\CodeIgniter->run()
#5 {main}
CRITICAL - 2020-09-20 16:14:04 --> Return value of App\Models\Freelancers_model::get_info() must be of the type array, null returned
#0 D:\ALLEN\XAMPP\htdocs\layboard\layboard\app\Controllers\PagesController.php(48): App\Models\Freelancers_model->get_info('29lcuhfr4pbtowi...')
#1 D:\ALLEN\XAMPP\htdocs\layboard\layboard\system\CodeIgniter.php(918): App\Controllers\PagesController->profile('freelancer', '29lcuhfr4pbtowi...')
#2 D:\ALLEN\XAMPP\htdocs\layboard\layboard\system\CodeIgniter.php(404): CodeIgniter\CodeIgniter->runController(Object(App\Controllers\PagesController))
#3 D:\ALLEN\XAMPP\htdocs\layboard\layboard\system\CodeIgniter.php(312): CodeIgniter\CodeIgniter->handleRequest(NULL, Object(Config\Cache), false)
#4 D:\ALLEN\XAMPP\htdocs\layboard\layboard\index.php(45): CodeIgniter\CodeIgniter->run()
#5 {main}
CRITICAL - 2020-09-20 16:14:06 --> Return value of App\Models\Freelancers_model::get_info() must be of the type array, null returned
#0 D:\ALLEN\XAMPP\htdocs\layboard\layboard\app\Controllers\PagesController.php(48): App\Models\Freelancers_model->get_info('29lcuhfr4pbtowi...')
#1 D:\ALLEN\XAMPP\htdocs\layboard\layboard\system\CodeIgniter.php(918): App\Controllers\PagesController->profile('freelancer', '29lcuhfr4pbtowi...')
#2 D:\ALLEN\XAMPP\htdocs\layboard\layboard\system\CodeIgniter.php(404): CodeIgniter\CodeIgniter->runController(Object(App\Controllers\PagesController))
#3 D:\ALLEN\XAMPP\htdocs\layboard\layboard\system\CodeIgniter.php(312): CodeIgniter\CodeIgniter->handleRequest(NULL, Object(Config\Cache), false)
#4 D:\ALLEN\XAMPP\htdocs\layboard\layboard\index.php(45): CodeIgniter\CodeIgniter->run()
#5 {main}
CRITICAL - 2020-09-20 16:14:08 --> Return value of App\Models\Freelancers_model::get_info() must be of the type array, null returned
#0 D:\ALLEN\XAMPP\htdocs\layboard\layboard\app\Controllers\PagesController.php(48): App\Models\Freelancers_model->get_info('29lcuhfr4pbtowi...')
#1 D:\ALLEN\XAMPP\htdocs\layboard\layboard\system\CodeIgniter.php(918): App\Controllers\PagesController->profile('freelancer', '29lcuhfr4pbtowi...')
#2 D:\ALLEN\XAMPP\htdocs\layboard\layboard\system\CodeIgniter.php(404): CodeIgniter\CodeIgniter->runController(Object(App\Controllers\PagesController))
#3 D:\ALLEN\XAMPP\htdocs\layboard\layboard\system\CodeIgniter.php(312): CodeIgniter\CodeIgniter->handleRequest(NULL, Object(Config\Cache), false)
#4 D:\ALLEN\XAMPP\htdocs\layboard\layboard\index.php(45): CodeIgniter\CodeIgniter->run()
#5 {main}
CRITICAL - 2020-09-20 16:15:00 --> Return value of App\Models\Freelancers_model::get_info() must be of the type array, null returned
#0 D:\ALLEN\XAMPP\htdocs\layboard\layboard\app\Controllers\PagesController.php(48): App\Models\Freelancers_model->get_info('29lcuhfr4pbtowi...')
#1 D:\ALLEN\XAMPP\htdocs\layboard\layboard\system\CodeIgniter.php(918): App\Controllers\PagesController->profile('freelancer', '29lcuhfr4pbtowi...')
#2 D:\ALLEN\XAMPP\htdocs\layboard\layboard\system\CodeIgniter.php(404): CodeIgniter\CodeIgniter->runController(Object(App\Controllers\PagesController))
#3 D:\ALLEN\XAMPP\htdocs\layboard\layboard\system\CodeIgniter.php(312): CodeIgniter\CodeIgniter->handleRequest(NULL, Object(Config\Cache), false)
#4 D:\ALLEN\XAMPP\htdocs\layboard\layboard\index.php(45): CodeIgniter\CodeIgniter->run()
#5 {main}
