CRITICAL - 2020-11-14 10:33:20 --> Return value of App\Models\Freelancers_model::login() must be of the type bool, array returned
#0 D:\ALLEN\XAMPP\htdocs\layboard\layboard\app\Controllers\FreelancersController.php(25): App\Models\Freelancers_model->login('allentubo09@gma...', 'zsbalgioigo')
#1 D:\ALLEN\XAMPP\htdocs\layboard\layboard\system\CodeIgniter.php(918): App\Controllers\FreelancersController->login()
#2 D:\ALLEN\XAMPP\htdocs\layboard\layboard\system\CodeIgniter.php(404): CodeIgniter\CodeIgniter->runController(Object(App\Controllers\FreelancersController))
#3 D:\ALLEN\XAMPP\htdocs\layboard\layboard\system\CodeIgniter.php(312): CodeIgniter\CodeIgniter->handleRequest(NULL, Object(Config\Cache), false)
#4 D:\ALLEN\XAMPP\htdocs\layboard\layboard\index.php(45): CodeIgniter\CodeIgniter->run()
#5 {main}
CRITICAL - 2020-11-14 10:33:22 --> Return value of App\Models\Freelancers_model::login() must be of the type bool, array returned
#0 D:\ALLEN\XAMPP\htdocs\layboard\layboard\app\Controllers\FreelancersController.php(25): App\Models\Freelancers_model->login('allentubo09@gma...', 'zsbalgioigo')
#1 D:\ALLEN\XAMPP\htdocs\layboard\layboard\system\CodeIgniter.php(918): App\Controllers\FreelancersController->login()
#2 D:\ALLEN\XAMPP\htdocs\layboard\layboard\system\CodeIgniter.php(404): CodeIgniter\CodeIgniter->runController(Object(App\Controllers\FreelancersController))
#3 D:\ALLEN\XAMPP\htdocs\layboard\layboard\system\CodeIgniter.php(312): CodeIgniter\CodeIgniter->handleRequest(NULL, Object(Config\Cache), false)
#4 D:\ALLEN\XAMPP\htdocs\layboard\layboard\index.php(45): CodeIgniter\CodeIgniter->run()
#5 {main}
CRITICAL - 2020-11-14 10:33:27 --> Return value of App\Models\Freelancers_model::login() must be of the type bool, none returned
#0 D:\ALLEN\XAMPP\htdocs\layboard\layboard\app\Controllers\FreelancersController.php(25): App\Models\Freelancers_model->login(NULL, NULL)
#1 D:\ALLEN\XAMPP\htdocs\layboard\layboard\system\CodeIgniter.php(918): App\Controllers\FreelancersController->login()
#2 D:\ALLEN\XAMPP\htdocs\layboard\layboard\system\CodeIgniter.php(404): CodeIgniter\CodeIgniter->runController(Object(App\Controllers\FreelancersController))
#3 D:\ALLEN\XAMPP\htdocs\layboard\layboard\system\CodeIgniter.php(312): CodeIgniter\CodeIgniter->handleRequest(NULL, Object(Config\Cache), false)
#4 D:\ALLEN\XAMPP\htdocs\layboard\layboard\index.php(45): CodeIgniter\CodeIgniter->run()
#5 {main}
