CRITICAL - 2020-12-16 00:31:07 --> You must set the database table to be used with your query.
#0 C:\xampp\htdocs\layboard\layboard\system\Model.php(1237): CodeIgniter\Database\BaseConnection->table(NULL)
#1 C:\xampp\htdocs\layboard\layboard\system\Model.php(1816): CodeIgniter\Model->builder()
#2 C:\xampp\htdocs\layboard\layboard\app\Controllers\PagesController.php(214): CodeIgniter\Model->__call('get_skills', Array)
#3 C:\xampp\htdocs\layboard\layboard\system\CodeIgniter.php(918): App\Controllers\PagesController->jobs()
#4 C:\xampp\htdocs\layboard\layboard\system\CodeIgniter.php(404): CodeIgniter\CodeIgniter->runController(Object(App\Controllers\PagesController))
#5 C:\xampp\htdocs\layboard\layboard\system\CodeIgniter.php(312): CodeIgniter\CodeIgniter->handleRequest(NULL, Object(Config\Cache), false)
#6 C:\xampp\htdocs\layboard\layboard\index.php(45): CodeIgniter\CodeIgniter->run()
#7 {main}
CRITICAL - 2020-12-16 00:32:48 --> You must set the database table to be used with your query.
#0 C:\xampp\htdocs\layboard\layboard\system\Model.php(1237): CodeIgniter\Database\BaseConnection->table(NULL)
#1 C:\xampp\htdocs\layboard\layboard\system\Model.php(1816): CodeIgniter\Model->builder()
#2 C:\xampp\htdocs\layboard\layboard\app\Controllers\PagesController.php(214): CodeIgniter\Model->__call('get_skills', Array)
#3 C:\xampp\htdocs\layboard\layboard\system\CodeIgniter.php(918): App\Controllers\PagesController->jobs()
#4 C:\xampp\htdocs\layboard\layboard\system\CodeIgniter.php(404): CodeIgniter\CodeIgniter->runController(Object(App\Controllers\PagesController))
#5 C:\xampp\htdocs\layboard\layboard\system\CodeIgniter.php(312): CodeIgniter\CodeIgniter->handleRequest(NULL, Object(Config\Cache), false)
#6 C:\xampp\htdocs\layboard\layboard\index.php(45): CodeIgniter\CodeIgniter->run()
#7 {main}
CRITICAL - 2020-12-16 00:32:49 --> You must set the database table to be used with your query.
#0 C:\xampp\htdocs\layboard\layboard\system\Model.php(1237): CodeIgniter\Database\BaseConnection->table(NULL)
#1 C:\xampp\htdocs\layboard\layboard\system\Model.php(1816): CodeIgniter\Model->builder()
#2 C:\xampp\htdocs\layboard\layboard\app\Controllers\PagesController.php(214): CodeIgniter\Model->__call('get_skills', Array)
#3 C:\xampp\htdocs\layboard\layboard\system\CodeIgniter.php(918): App\Controllers\PagesController->jobs()
#4 C:\xampp\htdocs\layboard\layboard\system\CodeIgniter.php(404): CodeIgniter\CodeIgniter->runController(Object(App\Controllers\PagesController))
#5 C:\xampp\htdocs\layboard\layboard\system\CodeIgniter.php(312): CodeIgniter\CodeIgniter->handleRequest(NULL, Object(Config\Cache), false)
#6 C:\xampp\htdocs\layboard\layboard\index.php(45): CodeIgniter\CodeIgniter->run()
#7 {main}
CRITICAL - 2020-12-16 00:32:49 --> You must set the database table to be used with your query.
#0 C:\xampp\htdocs\layboard\layboard\system\Model.php(1237): CodeIgniter\Database\BaseConnection->table(NULL)
#1 C:\xampp\htdocs\layboard\layboard\system\Model.php(1816): CodeIgniter\Model->builder()
#2 C:\xampp\htdocs\layboard\layboard\app\Controllers\PagesController.php(214): CodeIgniter\Model->__call('get_skills', Array)
#3 C:\xampp\htdocs\layboard\layboard\system\CodeIgniter.php(918): App\Controllers\PagesController->jobs()
#4 C:\xampp\htdocs\layboard\layboard\system\CodeIgniter.php(404): CodeIgniter\CodeIgniter->runController(Object(App\Controllers\PagesController))
#5 C:\xampp\htdocs\layboard\layboard\system\CodeIgniter.php(312): CodeIgniter\CodeIgniter->handleRequest(NULL, Object(Config\Cache), false)
#6 C:\xampp\htdocs\layboard\layboard\index.php(45): CodeIgniter\CodeIgniter->run()
#7 {main}
CRITICAL - 2020-12-16 00:32:50 --> You must set the database table to be used with your query.
#0 C:\xampp\htdocs\layboard\layboard\system\Model.php(1237): CodeIgniter\Database\BaseConnection->table(NULL)
#1 C:\xampp\htdocs\layboard\layboard\system\Model.php(1816): CodeIgniter\Model->builder()
#2 C:\xampp\htdocs\layboard\layboard\app\Controllers\PagesController.php(214): CodeIgniter\Model->__call('get_skills', Array)
#3 C:\xampp\htdocs\layboard\layboard\system\CodeIgniter.php(918): App\Controllers\PagesController->jobs()
#4 C:\xampp\htdocs\layboard\layboard\system\CodeIgniter.php(404): CodeIgniter\CodeIgniter->runController(Object(App\Controllers\PagesController))
#5 C:\xampp\htdocs\layboard\layboard\system\CodeIgniter.php(312): CodeIgniter\CodeIgniter->handleRequest(NULL, Object(Config\Cache), false)
#6 C:\xampp\htdocs\layboard\layboard\index.php(45): CodeIgniter\CodeIgniter->run()
#7 {main}
CRITICAL - 2020-12-16 00:34:02 --> You must set the database table to be used with your query.
#0 C:\xampp\htdocs\layboard\layboard\system\Model.php(1237): CodeIgniter\Database\BaseConnection->table(NULL)
#1 C:\xampp\htdocs\layboard\layboard\system\Model.php(1816): CodeIgniter\Model->builder()
#2 C:\xampp\htdocs\layboard\layboard\app\Controllers\PagesController.php(214): CodeIgniter\Model->__call('get_skills', Array)
#3 C:\xampp\htdocs\layboard\layboard\system\CodeIgniter.php(918): App\Controllers\PagesController->jobs()
#4 C:\xampp\htdocs\layboard\layboard\system\CodeIgniter.php(404): CodeIgniter\CodeIgniter->runController(Object(App\Controllers\PagesController))
#5 C:\xampp\htdocs\layboard\layboard\system\CodeIgniter.php(312): CodeIgniter\CodeIgniter->handleRequest(NULL, Object(Config\Cache), false)
#6 C:\xampp\htdocs\layboard\layboard\index.php(45): CodeIgniter\CodeIgniter->run()
#7 {main}
CRITICAL - 2020-12-16 00:34:03 --> You must set the database table to be used with your query.
#0 C:\xampp\htdocs\layboard\layboard\system\Model.php(1237): CodeIgniter\Database\BaseConnection->table(NULL)
#1 C:\xampp\htdocs\layboard\layboard\system\Model.php(1816): CodeIgniter\Model->builder()
#2 C:\xampp\htdocs\layboard\layboard\app\Controllers\PagesController.php(214): CodeIgniter\Model->__call('get_skills', Array)
#3 C:\xampp\htdocs\layboard\layboard\system\CodeIgniter.php(918): App\Controllers\PagesController->jobs()
#4 C:\xampp\htdocs\layboard\layboard\system\CodeIgniter.php(404): CodeIgniter\CodeIgniter->runController(Object(App\Controllers\PagesController))
#5 C:\xampp\htdocs\layboard\layboard\system\CodeIgniter.php(312): CodeIgniter\CodeIgniter->handleRequest(NULL, Object(Config\Cache), false)
#6 C:\xampp\htdocs\layboard\layboard\index.php(45): CodeIgniter\CodeIgniter->run()
#7 {main}
CRITICAL - 2020-12-16 04:05:58 --> You must set the database table to be used with your query.
#0 C:\xampp\htdocs\layboard\layboard\system\Model.php(1237): CodeIgniter\Database\BaseConnection->table(NULL)
#1 C:\xampp\htdocs\layboard\layboard\system\Model.php(1816): CodeIgniter\Model->builder()
#2 C:\xampp\htdocs\layboard\layboard\app\Controllers\PagesController.php(214): CodeIgniter\Model->__call('get_skills', Array)
#3 C:\xampp\htdocs\layboard\layboard\system\CodeIgniter.php(918): App\Controllers\PagesController->jobs()
#4 C:\xampp\htdocs\layboard\layboard\system\CodeIgniter.php(404): CodeIgniter\CodeIgniter->runController(Object(App\Controllers\PagesController))
#5 C:\xampp\htdocs\layboard\layboard\system\CodeIgniter.php(312): CodeIgniter\CodeIgniter->handleRequest(NULL, Object(Config\Cache), false)
#6 C:\xampp\htdocs\layboard\layboard\index.php(45): CodeIgniter\CodeIgniter->run()
#7 {main}
CRITICAL - 2020-12-16 04:08:01 --> You must set the database table to be used with your query.
#0 C:\xampp\htdocs\layboard\layboard\system\Model.php(1237): CodeIgniter\Database\BaseConnection->table(NULL)
#1 C:\xampp\htdocs\layboard\layboard\system\Model.php(1816): CodeIgniter\Model->builder()
#2 C:\xampp\htdocs\layboard\layboard\app\Controllers\PagesController.php(214): CodeIgniter\Model->__call('get_skills', Array)
#3 C:\xampp\htdocs\layboard\layboard\system\CodeIgniter.php(918): App\Controllers\PagesController->jobs()
#4 C:\xampp\htdocs\layboard\layboard\system\CodeIgniter.php(404): CodeIgniter\CodeIgniter->runController(Object(App\Controllers\PagesController))
#5 C:\xampp\htdocs\layboard\layboard\system\CodeIgniter.php(312): CodeIgniter\CodeIgniter->handleRequest(NULL, Object(Config\Cache), false)
#6 C:\xampp\htdocs\layboard\layboard\index.php(45): CodeIgniter\CodeIgniter->run()
#7 {main}
CRITICAL - 2020-12-16 04:08:01 --> You must set the database table to be used with your query.
#0 C:\xampp\htdocs\layboard\layboard\system\Model.php(1237): CodeIgniter\Database\BaseConnection->table(NULL)
#1 C:\xampp\htdocs\layboard\layboard\system\Model.php(1816): CodeIgniter\Model->builder()
#2 C:\xampp\htdocs\layboard\layboard\app\Controllers\PagesController.php(214): CodeIgniter\Model->__call('get_skills', Array)
#3 C:\xampp\htdocs\layboard\layboard\system\CodeIgniter.php(918): App\Controllers\PagesController->jobs()
#4 C:\xampp\htdocs\layboard\layboard\system\CodeIgniter.php(404): CodeIgniter\CodeIgniter->runController(Object(App\Controllers\PagesController))
#5 C:\xampp\htdocs\layboard\layboard\system\CodeIgniter.php(312): CodeIgniter\CodeIgniter->handleRequest(NULL, Object(Config\Cache), false)
#6 C:\xampp\htdocs\layboard\layboard\index.php(45): CodeIgniter\CodeIgniter->run()
#7 {main}
CRITICAL - 2020-12-16 04:18:56 --> Invalid argument supplied for foreach()
#0 C:\xampp\htdocs\layboard\layboard\app\Views\employers\jobs_modal.php(20): CodeIgniter\Debug\Exceptions->errorHandler(2, 'Invalid argumen...', 'C:\\xampp\\htdocs...', 20, Array)
#1 C:\xampp\htdocs\layboard\layboard\system\View\View.php(246): include('C:\\xampp\\htdocs...')
#2 C:\xampp\htdocs\layboard\layboard\system\Common.php(1119): CodeIgniter\View\View->render('employers/jobs_...', Array, true)
#3 C:\xampp\htdocs\layboard\layboard\app\Controllers\PagesController.php(219): view('employers/jobs_...', Array)
#4 C:\xampp\htdocs\layboard\layboard\system\CodeIgniter.php(918): App\Controllers\PagesController->jobs()
#5 C:\xampp\htdocs\layboard\layboard\system\CodeIgniter.php(404): CodeIgniter\CodeIgniter->runController(Object(App\Controllers\PagesController))
#6 C:\xampp\htdocs\layboard\layboard\system\CodeIgniter.php(312): CodeIgniter\CodeIgniter->handleRequest(NULL, Object(Config\Cache), false)
#7 C:\xampp\htdocs\layboard\layboard\index.php(45): CodeIgniter\CodeIgniter->run()
#8 {main}
CRITICAL - 2020-12-16 04:21:17 --> Call to a member function getResultArray() on null
#0 C:\xampp\htdocs\layboard\layboard\app\Controllers\PagesController.php(214): App\Models\Categories_model->get_categories()
#1 C:\xampp\htdocs\layboard\layboard\system\CodeIgniter.php(918): App\Controllers\PagesController->jobs()
#2 C:\xampp\htdocs\layboard\layboard\system\CodeIgniter.php(404): CodeIgniter\CodeIgniter->runController(Object(App\Controllers\PagesController))
#3 C:\xampp\htdocs\layboard\layboard\system\CodeIgniter.php(312): CodeIgniter\CodeIgniter->handleRequest(NULL, Object(Config\Cache), false)
#4 C:\xampp\htdocs\layboard\layboard\index.php(45): CodeIgniter\CodeIgniter->run()
#5 {main}
CRITICAL - 2020-12-16 04:21:18 --> Call to a member function getResultArray() on null
#0 C:\xampp\htdocs\layboard\layboard\app\Controllers\PagesController.php(214): App\Models\Categories_model->get_categories()
#1 C:\xampp\htdocs\layboard\layboard\system\CodeIgniter.php(918): App\Controllers\PagesController->jobs()
#2 C:\xampp\htdocs\layboard\layboard\system\CodeIgniter.php(404): CodeIgniter\CodeIgniter->runController(Object(App\Controllers\PagesController))
#3 C:\xampp\htdocs\layboard\layboard\system\CodeIgniter.php(312): CodeIgniter\CodeIgniter->handleRequest(NULL, Object(Config\Cache), false)
#4 C:\xampp\htdocs\layboard\layboard\index.php(45): CodeIgniter\CodeIgniter->run()
#5 {main}
CRITICAL - 2020-12-16 08:27:46 --> syntax error, unexpected '<', expecting end of file
#0 C:\xampp\htdocs\layboard\layboard\system\Router\Router.php(195): CodeIgniter\Router\Router->autoRoute('/JobsController...')
#1 C:\xampp\htdocs\layboard\layboard\system\CodeIgniter.php(793): CodeIgniter\Router\Router->handle('/JobsController...')
#2 C:\xampp\htdocs\layboard\layboard\system\CodeIgniter.php(364): CodeIgniter\CodeIgniter->tryToRouteIt(Object(CodeIgniter\Router\RouteCollection))
#3 C:\xampp\htdocs\layboard\layboard\system\CodeIgniter.php(312): CodeIgniter\CodeIgniter->handleRequest(NULL, Object(Config\Cache), false)
#4 C:\xampp\htdocs\layboard\layboard\index.php(45): CodeIgniter\CodeIgniter->run()
#5 {main}
CRITICAL - 2020-12-16 08:28:07 --> syntax error, unexpected '<', expecting end of file
#0 C:\xampp\htdocs\layboard\layboard\system\Router\Router.php(195): CodeIgniter\Router\Router->autoRoute('/JobsController...')
#1 C:\xampp\htdocs\layboard\layboard\system\CodeIgniter.php(793): CodeIgniter\Router\Router->handle('/JobsController...')
#2 C:\xampp\htdocs\layboard\layboard\system\CodeIgniter.php(364): CodeIgniter\CodeIgniter->tryToRouteIt(Object(CodeIgniter\Router\RouteCollection))
#3 C:\xampp\htdocs\layboard\layboard\system\CodeIgniter.php(312): CodeIgniter\CodeIgniter->handleRequest(NULL, Object(Config\Cache), false)
#4 C:\xampp\htdocs\layboard\layboard\index.php(45): CodeIgniter\CodeIgniter->run()
#5 {main}
CRITICAL - 2020-12-16 13:21:07 --> syntax error, unexpected ')', expecting variable (T_VARIABLE)
#0 C:\xampp\htdocs\layboard\layboard\system\Autoloader\Autoloader.php(296): CodeIgniter\Autoloader\Autoloader->requireFile('C:\\xampp\\htdocs...')
#1 C:\xampp\htdocs\layboard\layboard\system\Autoloader\Autoloader.php(258): CodeIgniter\Autoloader\Autoloader->loadInNamespace('App\\Models\\Jobs...')
#2 [internal function]: CodeIgniter\Autoloader\Autoloader->loadClass('App\\Models\\Jobs...')
#3 C:\xampp\htdocs\layboard\layboard\app\Controllers\JobsController.php(8): spl_autoload_call('App\\Models\\Jobs...')
#4 C:\xampp\htdocs\layboard\layboard\system\CodeIgniter.php(918): App\Controllers\JobsController->insert_job_title_category()
#5 C:\xampp\htdocs\layboard\layboard\system\CodeIgniter.php(404): CodeIgniter\CodeIgniter->runController(Object(App\Controllers\JobsController))
#6 C:\xampp\htdocs\layboard\layboard\system\CodeIgniter.php(312): CodeIgniter\CodeIgniter->handleRequest(NULL, Object(Config\Cache), false)
#7 C:\xampp\htdocs\layboard\layboard\index.php(45): CodeIgniter\CodeIgniter->run()
#8 {main}
CRITICAL - 2020-12-16 13:21:12 --> syntax error, unexpected ')', expecting variable (T_VARIABLE)
#0 C:\xampp\htdocs\layboard\layboard\system\Autoloader\Autoloader.php(296): CodeIgniter\Autoloader\Autoloader->requireFile('C:\\xampp\\htdocs...')
#1 C:\xampp\htdocs\layboard\layboard\system\Autoloader\Autoloader.php(258): CodeIgniter\Autoloader\Autoloader->loadInNamespace('App\\Models\\Jobs...')
#2 [internal function]: CodeIgniter\Autoloader\Autoloader->loadClass('App\\Models\\Jobs...')
#3 C:\xampp\htdocs\layboard\layboard\app\Controllers\JobsController.php(8): spl_autoload_call('App\\Models\\Jobs...')
#4 C:\xampp\htdocs\layboard\layboard\system\CodeIgniter.php(918): App\Controllers\JobsController->insert_job_title_category()
#5 C:\xampp\htdocs\layboard\layboard\system\CodeIgniter.php(404): CodeIgniter\CodeIgniter->runController(Object(App\Controllers\JobsController))
#6 C:\xampp\htdocs\layboard\layboard\system\CodeIgniter.php(312): CodeIgniter\CodeIgniter->handleRequest(NULL, Object(Config\Cache), false)
#7 C:\xampp\htdocs\layboard\layboard\index.php(45): CodeIgniter\CodeIgniter->run()
#8 {main}
CRITICAL - 2020-12-16 13:21:26 --> syntax error, unexpected '"job_title"' (T_CONSTANT_ENCAPSED_STRING), expecting ')'
#0 C:\xampp\htdocs\layboard\layboard\system\Autoloader\Autoloader.php(296): CodeIgniter\Autoloader\Autoloader->requireFile('C:\\xampp\\htdocs...')
#1 C:\xampp\htdocs\layboard\layboard\system\Autoloader\Autoloader.php(258): CodeIgniter\Autoloader\Autoloader->loadInNamespace('App\\Models\\Jobs...')
#2 [internal function]: CodeIgniter\Autoloader\Autoloader->loadClass('App\\Models\\Jobs...')
#3 C:\xampp\htdocs\layboard\layboard\app\Controllers\JobsController.php(8): spl_autoload_call('App\\Models\\Jobs...')
#4 C:\xampp\htdocs\layboard\layboard\system\CodeIgniter.php(918): App\Controllers\JobsController->insert_job_title_category()
#5 C:\xampp\htdocs\layboard\layboard\system\CodeIgniter.php(404): CodeIgniter\CodeIgniter->runController(Object(App\Controllers\JobsController))
#6 C:\xampp\htdocs\layboard\layboard\system\CodeIgniter.php(312): CodeIgniter\CodeIgniter->handleRequest(NULL, Object(Config\Cache), false)
#7 C:\xampp\htdocs\layboard\layboard\index.php(45): CodeIgniter\CodeIgniter->run()
#8 {main}
CRITICAL - 2020-12-16 13:30:42 --> Call to a member function get_draft_jobs() on null
#0 C:\xampp\htdocs\layboard\layboard\system\CodeIgniter.php(918): App\Controllers\PagesController->jobs()
#1 C:\xampp\htdocs\layboard\layboard\system\CodeIgniter.php(404): CodeIgniter\CodeIgniter->runController(Object(App\Controllers\PagesController))
#2 C:\xampp\htdocs\layboard\layboard\system\CodeIgniter.php(312): CodeIgniter\CodeIgniter->handleRequest(NULL, Object(Config\Cache), false)
#3 C:\xampp\htdocs\layboard\layboard\index.php(45): CodeIgniter\CodeIgniter->run()
#4 {main}
CRITICAL - 2020-12-16 13:58:01 --> Call to a member function get_draft_jobs() on null
#0 C:\xampp\htdocs\layboard\layboard\system\CodeIgniter.php(918): App\Controllers\PagesController->jobs()
#1 C:\xampp\htdocs\layboard\layboard\system\CodeIgniter.php(404): CodeIgniter\CodeIgniter->runController(Object(App\Controllers\PagesController))
#2 C:\xampp\htdocs\layboard\layboard\system\CodeIgniter.php(312): CodeIgniter\CodeIgniter->handleRequest(NULL, Object(Config\Cache), false)
#3 C:\xampp\htdocs\layboard\layboard\index.php(45): CodeIgniter\CodeIgniter->run()
#4 {main}
CRITICAL - 2020-12-16 13:58:02 --> Call to a member function get_draft_jobs() on null
#0 C:\xampp\htdocs\layboard\layboard\system\CodeIgniter.php(918): App\Controllers\PagesController->jobs()
#1 C:\xampp\htdocs\layboard\layboard\system\CodeIgniter.php(404): CodeIgniter\CodeIgniter->runController(Object(App\Controllers\PagesController))
#2 C:\xampp\htdocs\layboard\layboard\system\CodeIgniter.php(312): CodeIgniter\CodeIgniter->handleRequest(NULL, Object(Config\Cache), false)
#3 C:\xampp\htdocs\layboard\layboard\index.php(45): CodeIgniter\CodeIgniter->run()
#4 {main}
CRITICAL - 2020-12-16 13:58:03 --> Call to a member function get_draft_jobs() on null
#0 C:\xampp\htdocs\layboard\layboard\system\CodeIgniter.php(918): App\Controllers\PagesController->jobs()
#1 C:\xampp\htdocs\layboard\layboard\system\CodeIgniter.php(404): CodeIgniter\CodeIgniter->runController(Object(App\Controllers\PagesController))
#2 C:\xampp\htdocs\layboard\layboard\system\CodeIgniter.php(312): CodeIgniter\CodeIgniter->handleRequest(NULL, Object(Config\Cache), false)
#3 C:\xampp\htdocs\layboard\layboard\index.php(45): CodeIgniter\CodeIgniter->run()
#4 {main}
CRITICAL - 2020-12-16 13:58:06 --> Call to a member function get_draft_jobs() on null
#0 C:\xampp\htdocs\layboard\layboard\system\CodeIgniter.php(918): App\Controllers\PagesController->jobs()
#1 C:\xampp\htdocs\layboard\layboard\system\CodeIgniter.php(404): CodeIgniter\CodeIgniter->runController(Object(App\Controllers\PagesController))
#2 C:\xampp\htdocs\layboard\layboard\system\CodeIgniter.php(312): CodeIgniter\CodeIgniter->handleRequest(NULL, Object(Config\Cache), false)
#3 C:\xampp\htdocs\layboard\layboard\index.php(45): CodeIgniter\CodeIgniter->run()
#4 {main}
CRITICAL - 2020-12-16 13:58:07 --> Call to a member function get_draft_jobs() on null
#0 C:\xampp\htdocs\layboard\layboard\system\CodeIgniter.php(918): App\Controllers\PagesController->jobs()
#1 C:\xampp\htdocs\layboard\layboard\system\CodeIgniter.php(404): CodeIgniter\CodeIgniter->runController(Object(App\Controllers\PagesController))
#2 C:\xampp\htdocs\layboard\layboard\system\CodeIgniter.php(312): CodeIgniter\CodeIgniter->handleRequest(NULL, Object(Config\Cache), false)
#3 C:\xampp\htdocs\layboard\layboard\index.php(45): CodeIgniter\CodeIgniter->run()
#4 {main}
CRITICAL - 2020-12-16 13:58:07 --> Call to a member function get_draft_jobs() on null
#0 C:\xampp\htdocs\layboard\layboard\system\CodeIgniter.php(918): App\Controllers\PagesController->jobs()
#1 C:\xampp\htdocs\layboard\layboard\system\CodeIgniter.php(404): CodeIgniter\CodeIgniter->runController(Object(App\Controllers\PagesController))
#2 C:\xampp\htdocs\layboard\layboard\system\CodeIgniter.php(312): CodeIgniter\CodeIgniter->handleRequest(NULL, Object(Config\Cache), false)
#3 C:\xampp\htdocs\layboard\layboard\index.php(45): CodeIgniter\CodeIgniter->run()
#4 {main}
CRITICAL - 2020-12-16 13:58:07 --> Call to a member function get_draft_jobs() on null
#0 C:\xampp\htdocs\layboard\layboard\system\CodeIgniter.php(918): App\Controllers\PagesController->jobs()
#1 C:\xampp\htdocs\layboard\layboard\system\CodeIgniter.php(404): CodeIgniter\CodeIgniter->runController(Object(App\Controllers\PagesController))
#2 C:\xampp\htdocs\layboard\layboard\system\CodeIgniter.php(312): CodeIgniter\CodeIgniter->handleRequest(NULL, Object(Config\Cache), false)
#3 C:\xampp\htdocs\layboard\layboard\index.php(45): CodeIgniter\CodeIgniter->run()
#4 {main}
CRITICAL - 2020-12-16 14:14:18 --> Class 'App\Libraries\DateTime' not found
#0 C:\xampp\htdocs\layboard\layboard\app\Controllers\PagesController.php(224): App\Libraries\Common_utils->time_elapsed_string('2020-12-16 03:3...')
#1 C:\xampp\htdocs\layboard\layboard\system\CodeIgniter.php(918): App\Controllers\PagesController->jobs()
#2 C:\xampp\htdocs\layboard\layboard\system\CodeIgniter.php(404): CodeIgniter\CodeIgniter->runController(Object(App\Controllers\PagesController))
#3 C:\xampp\htdocs\layboard\layboard\system\CodeIgniter.php(312): CodeIgniter\CodeIgniter->handleRequest(NULL, Object(Config\Cache), false)
#4 C:\xampp\htdocs\layboard\layboard\index.php(45): CodeIgniter\CodeIgniter->run()
#5 {main}
CRITICAL - 2020-12-16 14:14:40 --> Class 'App\Libraries\DateTime' not found
#0 C:\xampp\htdocs\layboard\layboard\app\Controllers\PagesController.php(224): App\Libraries\Common_utils->time_elapsed_string('2020-12-16 03:3...')
#1 C:\xampp\htdocs\layboard\layboard\system\CodeIgniter.php(918): App\Controllers\PagesController->jobs()
#2 C:\xampp\htdocs\layboard\layboard\system\CodeIgniter.php(404): CodeIgniter\CodeIgniter->runController(Object(App\Controllers\PagesController))
#3 C:\xampp\htdocs\layboard\layboard\system\CodeIgniter.php(312): CodeIgniter\CodeIgniter->handleRequest(NULL, Object(Config\Cache), false)
#4 C:\xampp\htdocs\layboard\layboard\index.php(45): CodeIgniter\CodeIgniter->run()
#5 {main}
CRITICAL - 2020-12-16 14:14:41 --> Class 'App\Libraries\DateTime' not found
#0 C:\xampp\htdocs\layboard\layboard\app\Controllers\PagesController.php(224): App\Libraries\Common_utils->time_elapsed_string('2020-12-16 03:3...')
#1 C:\xampp\htdocs\layboard\layboard\system\CodeIgniter.php(918): App\Controllers\PagesController->jobs()
#2 C:\xampp\htdocs\layboard\layboard\system\CodeIgniter.php(404): CodeIgniter\CodeIgniter->runController(Object(App\Controllers\PagesController))
#3 C:\xampp\htdocs\layboard\layboard\system\CodeIgniter.php(312): CodeIgniter\CodeIgniter->handleRequest(NULL, Object(Config\Cache), false)
#4 C:\xampp\htdocs\layboard\layboard\index.php(45): CodeIgniter\CodeIgniter->run()
#5 {main}
CRITICAL - 2020-12-16 14:15:55 --> array_push() expects parameter 1 to be array, string given
#0 [internal function]: CodeIgniter\Debug\Exceptions->errorHandler(2, 'array_push() ex...', 'C:\\xampp\\htdocs...', 224, Array)
#1 C:\xampp\htdocs\layboard\layboard\app\Controllers\PagesController.php(224): array_push('10 hours ago')
#2 C:\xampp\htdocs\layboard\layboard\system\CodeIgniter.php(918): App\Controllers\PagesController->jobs()
#3 C:\xampp\htdocs\layboard\layboard\system\CodeIgniter.php(404): CodeIgniter\CodeIgniter->runController(Object(App\Controllers\PagesController))
#4 C:\xampp\htdocs\layboard\layboard\system\CodeIgniter.php(312): CodeIgniter\CodeIgniter->handleRequest(NULL, Object(Config\Cache), false)
#5 C:\xampp\htdocs\layboard\layboard\index.php(45): CodeIgniter\CodeIgniter->run()
#6 {main}
CRITICAL - 2020-12-16 14:17:12 --> syntax error, unexpected '=>' (T_DOUBLE_ARROW), expecting ')'
#0 C:\xampp\htdocs\layboard\layboard\system\Autoloader\Autoloader.php(296): CodeIgniter\Autoloader\Autoloader->requireFile('C:\\xampp\\htdocs...')
#1 C:\xampp\htdocs\layboard\layboard\system\Autoloader\Autoloader.php(258): CodeIgniter\Autoloader\Autoloader->loadInNamespace('App\\Controllers...')
#2 [internal function]: CodeIgniter\Autoloader\Autoloader->loadClass('App\\Controllers...')
#3 [internal function]: spl_autoload_call('App\\Controllers...')
#4 C:\xampp\htdocs\layboard\layboard\system\CodeIgniter.php(869): class_exists('\\App\\Controller...', true)
#5 C:\xampp\htdocs\layboard\layboard\system\CodeIgniter.php(394): CodeIgniter\CodeIgniter->startController()
#6 C:\xampp\htdocs\layboard\layboard\system\CodeIgniter.php(312): CodeIgniter\CodeIgniter->handleRequest(NULL, Object(Config\Cache), false)
#7 C:\xampp\htdocs\layboard\layboard\index.php(45): CodeIgniter\CodeIgniter->run()
#8 {main}
CRITICAL - 2020-12-16 14:17:31 --> Cannot pass parameter 1 by reference
#0 C:\xampp\htdocs\layboard\layboard\system\CodeIgniter.php(918): App\Controllers\PagesController->jobs()
#1 C:\xampp\htdocs\layboard\layboard\system\CodeIgniter.php(404): CodeIgniter\CodeIgniter->runController(Object(App\Controllers\PagesController))
#2 C:\xampp\htdocs\layboard\layboard\system\CodeIgniter.php(312): CodeIgniter\CodeIgniter->handleRequest(NULL, Object(Config\Cache), false)
#3 C:\xampp\htdocs\layboard\layboard\index.php(45): CodeIgniter\CodeIgniter->run()
#4 {main}
CRITICAL - 2020-12-16 14:19:36 --> array_push() expects parameter 1 to be array, string given
#0 [internal function]: CodeIgniter\Debug\Exceptions->errorHandler(2, 'array_push() ex...', 'C:\\xampp\\htdocs...', 224, Array)
#1 C:\xampp\htdocs\layboard\layboard\app\Controllers\PagesController.php(224): array_push('10 hours ago')
#2 C:\xampp\htdocs\layboard\layboard\system\CodeIgniter.php(918): App\Controllers\PagesController->jobs()
#3 C:\xampp\htdocs\layboard\layboard\system\CodeIgniter.php(404): CodeIgniter\CodeIgniter->runController(Object(App\Controllers\PagesController))
#4 C:\xampp\htdocs\layboard\layboard\system\CodeIgniter.php(312): CodeIgniter\CodeIgniter->handleRequest(NULL, Object(Config\Cache), false)
#5 C:\xampp\htdocs\layboard\layboard\index.php(45): CodeIgniter\CodeIgniter->run()
#6 {main}
CRITICAL - 2020-12-16 14:21:41 --> syntax error, unexpected '=>' (T_DOUBLE_ARROW), expecting ')'
#0 C:\xampp\htdocs\layboard\layboard\system\Autoloader\Autoloader.php(296): CodeIgniter\Autoloader\Autoloader->requireFile('C:\\xampp\\htdocs...')
#1 C:\xampp\htdocs\layboard\layboard\system\Autoloader\Autoloader.php(258): CodeIgniter\Autoloader\Autoloader->loadInNamespace('App\\Controllers...')
#2 [internal function]: CodeIgniter\Autoloader\Autoloader->loadClass('App\\Controllers...')
#3 [internal function]: spl_autoload_call('App\\Controllers...')
#4 C:\xampp\htdocs\layboard\layboard\system\CodeIgniter.php(869): class_exists('\\App\\Controller...', true)
#5 C:\xampp\htdocs\layboard\layboard\system\CodeIgniter.php(394): CodeIgniter\CodeIgniter->startController()
#6 C:\xampp\htdocs\layboard\layboard\system\CodeIgniter.php(312): CodeIgniter\CodeIgniter->handleRequest(NULL, Object(Config\Cache), false)
#7 C:\xampp\htdocs\layboard\layboard\index.php(45): CodeIgniter\CodeIgniter->run()
#8 {main}
CRITICAL - 2020-12-16 14:21:47 --> Cannot pass parameter 1 by reference
#0 C:\xampp\htdocs\layboard\layboard\system\CodeIgniter.php(918): App\Controllers\PagesController->jobs()
#1 C:\xampp\htdocs\layboard\layboard\system\CodeIgniter.php(404): CodeIgniter\CodeIgniter->runController(Object(App\Controllers\PagesController))
#2 C:\xampp\htdocs\layboard\layboard\system\CodeIgniter.php(312): CodeIgniter\CodeIgniter->handleRequest(NULL, Object(Config\Cache), false)
#3 C:\xampp\htdocs\layboard\layboard\index.php(45): CodeIgniter\CodeIgniter->run()
#4 {main}
CRITICAL - 2020-12-16 14:23:33 --> Cannot pass parameter 1 by reference
#0 C:\xampp\htdocs\layboard\layboard\system\CodeIgniter.php(918): App\Controllers\PagesController->jobs()
#1 C:\xampp\htdocs\layboard\layboard\system\CodeIgniter.php(404): CodeIgniter\CodeIgniter->runController(Object(App\Controllers\PagesController))
#2 C:\xampp\htdocs\layboard\layboard\system\CodeIgniter.php(312): CodeIgniter\CodeIgniter->handleRequest(NULL, Object(Config\Cache), false)
#3 C:\xampp\htdocs\layboard\layboard\index.php(45): CodeIgniter\CodeIgniter->run()
#4 {main}
CRITICAL - 2020-12-16 14:23:34 --> Cannot pass parameter 1 by reference
#0 C:\xampp\htdocs\layboard\layboard\system\CodeIgniter.php(918): App\Controllers\PagesController->jobs()
#1 C:\xampp\htdocs\layboard\layboard\system\CodeIgniter.php(404): CodeIgniter\CodeIgniter->runController(Object(App\Controllers\PagesController))
#2 C:\xampp\htdocs\layboard\layboard\system\CodeIgniter.php(312): CodeIgniter\CodeIgniter->handleRequest(NULL, Object(Config\Cache), false)
#3 C:\xampp\htdocs\layboard\layboard\index.php(45): CodeIgniter\CodeIgniter->run()
#4 {main}
CRITICAL - 2020-12-16 14:31:49 --> Cannot pass parameter 1 by reference
#0 C:\xampp\htdocs\layboard\layboard\system\CodeIgniter.php(918): App\Controllers\PagesController->jobs()
#1 C:\xampp\htdocs\layboard\layboard\system\CodeIgniter.php(404): CodeIgniter\CodeIgniter->runController(Object(App\Controllers\PagesController))
#2 C:\xampp\htdocs\layboard\layboard\system\CodeIgniter.php(312): CodeIgniter\CodeIgniter->handleRequest(NULL, Object(Config\Cache), false)
#3 C:\xampp\htdocs\layboard\layboard\index.php(45): CodeIgniter\CodeIgniter->run()
#4 {main}
CRITICAL - 2020-12-16 14:33:07 --> Cannot pass parameter 1 by reference
#0 C:\xampp\htdocs\layboard\layboard\system\CodeIgniter.php(918): App\Controllers\PagesController->jobs()
#1 C:\xampp\htdocs\layboard\layboard\system\CodeIgniter.php(404): CodeIgniter\CodeIgniter->runController(Object(App\Controllers\PagesController))
#2 C:\xampp\htdocs\layboard\layboard\system\CodeIgniter.php(312): CodeIgniter\CodeIgniter->handleRequest(NULL, Object(Config\Cache), false)
#3 C:\xampp\htdocs\layboard\layboard\index.php(45): CodeIgniter\CodeIgniter->run()
#4 {main}
CRITICAL - 2020-12-16 14:33:08 --> Cannot pass parameter 1 by reference
#0 C:\xampp\htdocs\layboard\layboard\system\CodeIgniter.php(918): App\Controllers\PagesController->jobs()
#1 C:\xampp\htdocs\layboard\layboard\system\CodeIgniter.php(404): CodeIgniter\CodeIgniter->runController(Object(App\Controllers\PagesController))
#2 C:\xampp\htdocs\layboard\layboard\system\CodeIgniter.php(312): CodeIgniter\CodeIgniter->handleRequest(NULL, Object(Config\Cache), false)
#3 C:\xampp\htdocs\layboard\layboard\index.php(45): CodeIgniter\CodeIgniter->run()
#4 {main}
CRITICAL - 2020-12-16 14:33:56 --> Cannot pass parameter 1 by reference
#0 C:\xampp\htdocs\layboard\layboard\system\CodeIgniter.php(918): App\Controllers\PagesController->jobs()
#1 C:\xampp\htdocs\layboard\layboard\system\CodeIgniter.php(404): CodeIgniter\CodeIgniter->runController(Object(App\Controllers\PagesController))
#2 C:\xampp\htdocs\layboard\layboard\system\CodeIgniter.php(312): CodeIgniter\CodeIgniter->handleRequest(NULL, Object(Config\Cache), false)
#3 C:\xampp\htdocs\layboard\layboard\index.php(45): CodeIgniter\CodeIgniter->run()
#4 {main}
CRITICAL - 2020-12-16 14:33:57 --> Cannot pass parameter 1 by reference
#0 C:\xampp\htdocs\layboard\layboard\system\CodeIgniter.php(918): App\Controllers\PagesController->jobs()
#1 C:\xampp\htdocs\layboard\layboard\system\CodeIgniter.php(404): CodeIgniter\CodeIgniter->runController(Object(App\Controllers\PagesController))
#2 C:\xampp\htdocs\layboard\layboard\system\CodeIgniter.php(312): CodeIgniter\CodeIgniter->handleRequest(NULL, Object(Config\Cache), false)
#3 C:\xampp\htdocs\layboard\layboard\index.php(45): CodeIgniter\CodeIgniter->run()
#4 {main}
CRITICAL - 2020-12-16 14:33:57 --> Cannot pass parameter 1 by reference
#0 C:\xampp\htdocs\layboard\layboard\system\CodeIgniter.php(918): App\Controllers\PagesController->jobs()
#1 C:\xampp\htdocs\layboard\layboard\system\CodeIgniter.php(404): CodeIgniter\CodeIgniter->runController(Object(App\Controllers\PagesController))
#2 C:\xampp\htdocs\layboard\layboard\system\CodeIgniter.php(312): CodeIgniter\CodeIgniter->handleRequest(NULL, Object(Config\Cache), false)
#3 C:\xampp\htdocs\layboard\layboard\index.php(45): CodeIgniter\CodeIgniter->run()
#4 {main}
CRITICAL - 2020-12-16 14:33:57 --> Cannot pass parameter 1 by reference
#0 C:\xampp\htdocs\layboard\layboard\system\CodeIgniter.php(918): App\Controllers\PagesController->jobs()
#1 C:\xampp\htdocs\layboard\layboard\system\CodeIgniter.php(404): CodeIgniter\CodeIgniter->runController(Object(App\Controllers\PagesController))
#2 C:\xampp\htdocs\layboard\layboard\system\CodeIgniter.php(312): CodeIgniter\CodeIgniter->handleRequest(NULL, Object(Config\Cache), false)
#3 C:\xampp\htdocs\layboard\layboard\index.php(45): CodeIgniter\CodeIgniter->run()
#4 {main}
CRITICAL - 2020-12-16 14:33:58 --> Cannot pass parameter 1 by reference
#0 C:\xampp\htdocs\layboard\layboard\system\CodeIgniter.php(918): App\Controllers\PagesController->jobs()
#1 C:\xampp\htdocs\layboard\layboard\system\CodeIgniter.php(404): CodeIgniter\CodeIgniter->runController(Object(App\Controllers\PagesController))
#2 C:\xampp\htdocs\layboard\layboard\system\CodeIgniter.php(312): CodeIgniter\CodeIgniter->handleRequest(NULL, Object(Config\Cache), false)
#3 C:\xampp\htdocs\layboard\layboard\index.php(45): CodeIgniter\CodeIgniter->run()
#4 {main}
CRITICAL - 2020-12-16 14:34:43 --> syntax error, unexpected 'array_push' (T_STRING)
#0 C:\xampp\htdocs\layboard\layboard\system\Autoloader\Autoloader.php(296): CodeIgniter\Autoloader\Autoloader->requireFile('C:\\xampp\\htdocs...')
#1 C:\xampp\htdocs\layboard\layboard\system\Autoloader\Autoloader.php(258): CodeIgniter\Autoloader\Autoloader->loadInNamespace('App\\Controllers...')
#2 [internal function]: CodeIgniter\Autoloader\Autoloader->loadClass('App\\Controllers...')
#3 [internal function]: spl_autoload_call('App\\Controllers...')
#4 C:\xampp\htdocs\layboard\layboard\system\CodeIgniter.php(869): class_exists('\\App\\Controller...', true)
#5 C:\xampp\htdocs\layboard\layboard\system\CodeIgniter.php(394): CodeIgniter\CodeIgniter->startController()
#6 C:\xampp\htdocs\layboard\layboard\system\CodeIgniter.php(312): CodeIgniter\CodeIgniter->handleRequest(NULL, Object(Config\Cache), false)
#7 C:\xampp\htdocs\layboard\layboard\index.php(45): CodeIgniter\CodeIgniter->run()
#8 {main}
