CRITICAL - 2020-12-08 01:56:22 --> syntax error, unexpected '"style.css"' (T_CONSTANT_ENCAPSED_STRING), expecting ')'
#0 C:\xampp\htdocs\layboard\layboard\system\Autoloader\Autoloader.php(296): CodeIgniter\Autoloader\Autoloader->requireFile('C:\\xampp\\htdocs...')
#1 C:\xampp\htdocs\layboard\layboard\system\Autoloader\Autoloader.php(258): CodeIgniter\Autoloader\Autoloader->loadInNamespace('App\\Controllers...')
#2 [internal function]: CodeIgniter\Autoloader\Autoloader->loadClass('App\\Controllers...')
#3 [internal function]: spl_autoload_call('App\\Controllers...')
#4 C:\xampp\htdocs\layboard\layboard\system\CodeIgniter.php(869): class_exists('\\App\\Controller...', true)
#5 C:\xampp\htdocs\layboard\layboard\system\CodeIgniter.php(394): CodeIgniter\CodeIgniter->startController()
#6 C:\xampp\htdocs\layboard\layboard\system\CodeIgniter.php(312): CodeIgniter\CodeIgniter->handleRequest(NULL, Object(Config\Cache), false)
#7 C:\xampp\htdocs\layboard\layboard\index.php(45): CodeIgniter\CodeIgniter->run()
#8 {main}
CRITICAL - 2020-12-08 09:27:10 --> You must set the database table to be used with your query.
#0 C:\xampp\htdocs\layboard\layboard\system\Model.php(1237): CodeIgniter\Database\BaseConnection->table(NULL)
#1 C:\xampp\htdocs\layboard\layboard\system\Model.php(1816): CodeIgniter\Model->builder()
#2 C:\xampp\htdocs\layboard\layboard\app\Controllers\SkillsController.php(11): CodeIgniter\Model->__call('get_skills', Array)
#3 C:\xampp\htdocs\layboard\layboard\system\CodeIgniter.php(918): App\Controllers\SkillsController->search_skills()
#4 C:\xampp\htdocs\layboard\layboard\system\CodeIgniter.php(404): CodeIgniter\CodeIgniter->runController(Object(App\Controllers\SkillsController))
#5 C:\xampp\htdocs\layboard\layboard\system\CodeIgniter.php(312): CodeIgniter\CodeIgniter->handleRequest(NULL, Object(Config\Cache), false)
#6 C:\xampp\htdocs\layboard\layboard\index.php(45): CodeIgniter\CodeIgniter->run()
#7 {main}
CRITICAL - 2020-12-08 09:27:10 --> You must set the database table to be used with your query.
#0 C:\xampp\htdocs\layboard\layboard\system\Model.php(1237): CodeIgniter\Database\BaseConnection->table(NULL)
#1 C:\xampp\htdocs\layboard\layboard\system\Model.php(1816): CodeIgniter\Model->builder()
#2 C:\xampp\htdocs\layboard\layboard\app\Controllers\SkillsController.php(11): CodeIgniter\Model->__call('get_skills', Array)
#3 C:\xampp\htdocs\layboard\layboard\system\CodeIgniter.php(918): App\Controllers\SkillsController->search_skills()
#4 C:\xampp\htdocs\layboard\layboard\system\CodeIgniter.php(404): CodeIgniter\CodeIgniter->runController(Object(App\Controllers\SkillsController))
#5 C:\xampp\htdocs\layboard\layboard\system\CodeIgniter.php(312): CodeIgniter\CodeIgniter->handleRequest(NULL, Object(Config\Cache), false)
#6 C:\xampp\htdocs\layboard\layboard\index.php(45): CodeIgniter\CodeIgniter->run()
#7 {main}
CRITICAL - 2020-12-08 09:27:10 --> You must set the database table to be used with your query.
#0 C:\xampp\htdocs\layboard\layboard\system\Model.php(1237): CodeIgniter\Database\BaseConnection->table(NULL)
#1 C:\xampp\htdocs\layboard\layboard\system\Model.php(1816): CodeIgniter\Model->builder()
#2 C:\xampp\htdocs\layboard\layboard\app\Controllers\SkillsController.php(11): CodeIgniter\Model->__call('get_skills', Array)
#3 C:\xampp\htdocs\layboard\layboard\system\CodeIgniter.php(918): App\Controllers\SkillsController->search_skills()
#4 C:\xampp\htdocs\layboard\layboard\system\CodeIgniter.php(404): CodeIgniter\CodeIgniter->runController(Object(App\Controllers\SkillsController))
#5 C:\xampp\htdocs\layboard\layboard\system\CodeIgniter.php(312): CodeIgniter\CodeIgniter->handleRequest(NULL, Object(Config\Cache), false)
#6 C:\xampp\htdocs\layboard\layboard\index.php(45): CodeIgniter\CodeIgniter->run()
#7 {main}
CRITICAL - 2020-12-08 09:27:12 --> You must set the database table to be used with your query.
#0 C:\xampp\htdocs\layboard\layboard\system\Model.php(1237): CodeIgniter\Database\BaseConnection->table(NULL)
#1 C:\xampp\htdocs\layboard\layboard\system\Model.php(1816): CodeIgniter\Model->builder()
#2 C:\xampp\htdocs\layboard\layboard\app\Controllers\SkillsController.php(11): CodeIgniter\Model->__call('get_skills', Array)
#3 C:\xampp\htdocs\layboard\layboard\system\CodeIgniter.php(918): App\Controllers\SkillsController->search_skills()
#4 C:\xampp\htdocs\layboard\layboard\system\CodeIgniter.php(404): CodeIgniter\CodeIgniter->runController(Object(App\Controllers\SkillsController))
#5 C:\xampp\htdocs\layboard\layboard\system\CodeIgniter.php(312): CodeIgniter\CodeIgniter->handleRequest(NULL, Object(Config\Cache), false)
#6 C:\xampp\htdocs\layboard\layboard\index.php(45): CodeIgniter\CodeIgniter->run()
#7 {main}
CRITICAL - 2020-12-08 09:27:12 --> You must set the database table to be used with your query.
#0 C:\xampp\htdocs\layboard\layboard\system\Model.php(1237): CodeIgniter\Database\BaseConnection->table(NULL)
#1 C:\xampp\htdocs\layboard\layboard\system\Model.php(1816): CodeIgniter\Model->builder()
#2 C:\xampp\htdocs\layboard\layboard\app\Controllers\SkillsController.php(11): CodeIgniter\Model->__call('get_skills', Array)
#3 C:\xampp\htdocs\layboard\layboard\system\CodeIgniter.php(918): App\Controllers\SkillsController->search_skills()
#4 C:\xampp\htdocs\layboard\layboard\system\CodeIgniter.php(404): CodeIgniter\CodeIgniter->runController(Object(App\Controllers\SkillsController))
#5 C:\xampp\htdocs\layboard\layboard\system\CodeIgniter.php(312): CodeIgniter\CodeIgniter->handleRequest(NULL, Object(Config\Cache), false)
#6 C:\xampp\htdocs\layboard\layboard\index.php(45): CodeIgniter\CodeIgniter->run()
#7 {main}
CRITICAL - 2020-12-08 09:27:12 --> You must set the database table to be used with your query.
#0 C:\xampp\htdocs\layboard\layboard\system\Model.php(1237): CodeIgniter\Database\BaseConnection->table(NULL)
#1 C:\xampp\htdocs\layboard\layboard\system\Model.php(1816): CodeIgniter\Model->builder()
#2 C:\xampp\htdocs\layboard\layboard\app\Controllers\SkillsController.php(11): CodeIgniter\Model->__call('get_skills', Array)
#3 C:\xampp\htdocs\layboard\layboard\system\CodeIgniter.php(918): App\Controllers\SkillsController->search_skills()
#4 C:\xampp\htdocs\layboard\layboard\system\CodeIgniter.php(404): CodeIgniter\CodeIgniter->runController(Object(App\Controllers\SkillsController))
#5 C:\xampp\htdocs\layboard\layboard\system\CodeIgniter.php(312): CodeIgniter\CodeIgniter->handleRequest(NULL, Object(Config\Cache), false)
#6 C:\xampp\htdocs\layboard\layboard\index.php(45): CodeIgniter\CodeIgniter->run()
#7 {main}
CRITICAL - 2020-12-08 09:27:22 --> You must set the database table to be used with your query.
#0 C:\xampp\htdocs\layboard\layboard\system\Model.php(1237): CodeIgniter\Database\BaseConnection->table(NULL)
#1 C:\xampp\htdocs\layboard\layboard\system\Model.php(1816): CodeIgniter\Model->builder()
#2 C:\xampp\htdocs\layboard\layboard\app\Controllers\SkillsController.php(11): CodeIgniter\Model->__call('get_skills', Array)
#3 C:\xampp\htdocs\layboard\layboard\system\CodeIgniter.php(918): App\Controllers\SkillsController->search_skills()
#4 C:\xampp\htdocs\layboard\layboard\system\CodeIgniter.php(404): CodeIgniter\CodeIgniter->runController(Object(App\Controllers\SkillsController))
#5 C:\xampp\htdocs\layboard\layboard\system\CodeIgniter.php(312): CodeIgniter\CodeIgniter->handleRequest(NULL, Object(Config\Cache), false)
#6 C:\xampp\htdocs\layboard\layboard\index.php(45): CodeIgniter\CodeIgniter->run()
#7 {main}
CRITICAL - 2020-12-08 09:27:59 --> You must set the database table to be used with your query.
#0 C:\xampp\htdocs\layboard\layboard\system\Model.php(1237): CodeIgniter\Database\BaseConnection->table(NULL)
#1 C:\xampp\htdocs\layboard\layboard\system\Model.php(1816): CodeIgniter\Model->builder()
#2 C:\xampp\htdocs\layboard\layboard\app\Controllers\SkillsController.php(11): CodeIgniter\Model->__call('get_skills', Array)
#3 C:\xampp\htdocs\layboard\layboard\system\CodeIgniter.php(918): App\Controllers\SkillsController->search_skills()
#4 C:\xampp\htdocs\layboard\layboard\system\CodeIgniter.php(404): CodeIgniter\CodeIgniter->runController(Object(App\Controllers\SkillsController))
#5 C:\xampp\htdocs\layboard\layboard\system\CodeIgniter.php(312): CodeIgniter\CodeIgniter->handleRequest(NULL, Object(Config\Cache), false)
#6 C:\xampp\htdocs\layboard\layboard\index.php(45): CodeIgniter\CodeIgniter->run()
#7 {main}
CRITICAL - 2020-12-08 09:27:59 --> You must set the database table to be used with your query.
#0 C:\xampp\htdocs\layboard\layboard\system\Model.php(1237): CodeIgniter\Database\BaseConnection->table(NULL)
#1 C:\xampp\htdocs\layboard\layboard\system\Model.php(1816): CodeIgniter\Model->builder()
#2 C:\xampp\htdocs\layboard\layboard\app\Controllers\SkillsController.php(11): CodeIgniter\Model->__call('get_skills', Array)
#3 C:\xampp\htdocs\layboard\layboard\system\CodeIgniter.php(918): App\Controllers\SkillsController->search_skills()
#4 C:\xampp\htdocs\layboard\layboard\system\CodeIgniter.php(404): CodeIgniter\CodeIgniter->runController(Object(App\Controllers\SkillsController))
#5 C:\xampp\htdocs\layboard\layboard\system\CodeIgniter.php(312): CodeIgniter\CodeIgniter->handleRequest(NULL, Object(Config\Cache), false)
#6 C:\xampp\htdocs\layboard\layboard\index.php(45): CodeIgniter\CodeIgniter->run()
#7 {main}
CRITICAL - 2020-12-08 09:27:59 --> You must set the database table to be used with your query.
#0 C:\xampp\htdocs\layboard\layboard\system\Model.php(1237): CodeIgniter\Database\BaseConnection->table(NULL)
#1 C:\xampp\htdocs\layboard\layboard\system\Model.php(1816): CodeIgniter\Model->builder()
#2 C:\xampp\htdocs\layboard\layboard\app\Controllers\SkillsController.php(11): CodeIgniter\Model->__call('get_skills', Array)
#3 C:\xampp\htdocs\layboard\layboard\system\CodeIgniter.php(918): App\Controllers\SkillsController->search_skills()
#4 C:\xampp\htdocs\layboard\layboard\system\CodeIgniter.php(404): CodeIgniter\CodeIgniter->runController(Object(App\Controllers\SkillsController))
#5 C:\xampp\htdocs\layboard\layboard\system\CodeIgniter.php(312): CodeIgniter\CodeIgniter->handleRequest(NULL, Object(Config\Cache), false)
#6 C:\xampp\htdocs\layboard\layboard\index.php(45): CodeIgniter\CodeIgniter->run()
#7 {main}
CRITICAL - 2020-12-08 09:28:31 --> You must set the database table to be used with your query.
#0 C:\xampp\htdocs\layboard\layboard\system\Model.php(1237): CodeIgniter\Database\BaseConnection->table(NULL)
#1 C:\xampp\htdocs\layboard\layboard\system\Model.php(1816): CodeIgniter\Model->builder()
#2 C:\xampp\htdocs\layboard\layboard\app\Controllers\SkillsController.php(11): CodeIgniter\Model->__call('get_skills', Array)
#3 C:\xampp\htdocs\layboard\layboard\system\CodeIgniter.php(918): App\Controllers\SkillsController->search_skills()
#4 C:\xampp\htdocs\layboard\layboard\system\CodeIgniter.php(404): CodeIgniter\CodeIgniter->runController(Object(App\Controllers\SkillsController))
#5 C:\xampp\htdocs\layboard\layboard\system\CodeIgniter.php(312): CodeIgniter\CodeIgniter->handleRequest(NULL, Object(Config\Cache), false)
#6 C:\xampp\htdocs\layboard\layboard\index.php(45): CodeIgniter\CodeIgniter->run()
#7 {main}
CRITICAL - 2020-12-08 09:28:58 --> You must set the database table to be used with your query.
#0 C:\xampp\htdocs\layboard\layboard\system\Model.php(1237): CodeIgniter\Database\BaseConnection->table(NULL)
#1 C:\xampp\htdocs\layboard\layboard\system\Model.php(1816): CodeIgniter\Model->builder()
#2 C:\xampp\htdocs\layboard\layboard\app\Controllers\SkillsController.php(11): CodeIgniter\Model->__call('get_skills', Array)
#3 C:\xampp\htdocs\layboard\layboard\system\CodeIgniter.php(918): App\Controllers\SkillsController->search_skills()
#4 C:\xampp\htdocs\layboard\layboard\system\CodeIgniter.php(404): CodeIgniter\CodeIgniter->runController(Object(App\Controllers\SkillsController))
#5 C:\xampp\htdocs\layboard\layboard\system\CodeIgniter.php(312): CodeIgniter\CodeIgniter->handleRequest(NULL, Object(Config\Cache), false)
#6 C:\xampp\htdocs\layboard\layboard\index.php(45): CodeIgniter\CodeIgniter->run()
#7 {main}
CRITICAL - 2020-12-08 09:28:59 --> You must set the database table to be used with your query.
#0 C:\xampp\htdocs\layboard\layboard\system\Model.php(1237): CodeIgniter\Database\BaseConnection->table(NULL)
#1 C:\xampp\htdocs\layboard\layboard\system\Model.php(1816): CodeIgniter\Model->builder()
#2 C:\xampp\htdocs\layboard\layboard\app\Controllers\SkillsController.php(11): CodeIgniter\Model->__call('get_skills', Array)
#3 C:\xampp\htdocs\layboard\layboard\system\CodeIgniter.php(918): App\Controllers\SkillsController->search_skills()
#4 C:\xampp\htdocs\layboard\layboard\system\CodeIgniter.php(404): CodeIgniter\CodeIgniter->runController(Object(App\Controllers\SkillsController))
#5 C:\xampp\htdocs\layboard\layboard\system\CodeIgniter.php(312): CodeIgniter\CodeIgniter->handleRequest(NULL, Object(Config\Cache), false)
#6 C:\xampp\htdocs\layboard\layboard\index.php(45): CodeIgniter\CodeIgniter->run()
#7 {main}
CRITICAL - 2020-12-08 09:28:59 --> You must set the database table to be used with your query.
#0 C:\xampp\htdocs\layboard\layboard\system\Model.php(1237): CodeIgniter\Database\BaseConnection->table(NULL)
#1 C:\xampp\htdocs\layboard\layboard\system\Model.php(1816): CodeIgniter\Model->builder()
#2 C:\xampp\htdocs\layboard\layboard\app\Controllers\SkillsController.php(11): CodeIgniter\Model->__call('get_skills', Array)
#3 C:\xampp\htdocs\layboard\layboard\system\CodeIgniter.php(918): App\Controllers\SkillsController->search_skills()
#4 C:\xampp\htdocs\layboard\layboard\system\CodeIgniter.php(404): CodeIgniter\CodeIgniter->runController(Object(App\Controllers\SkillsController))
#5 C:\xampp\htdocs\layboard\layboard\system\CodeIgniter.php(312): CodeIgniter\CodeIgniter->handleRequest(NULL, Object(Config\Cache), false)
#6 C:\xampp\htdocs\layboard\layboard\index.php(45): CodeIgniter\CodeIgniter->run()
#7 {main}
CRITICAL - 2020-12-08 09:28:59 --> You must set the database table to be used with your query.
#0 C:\xampp\htdocs\layboard\layboard\system\Model.php(1237): CodeIgniter\Database\BaseConnection->table(NULL)
#1 C:\xampp\htdocs\layboard\layboard\system\Model.php(1816): CodeIgniter\Model->builder()
#2 C:\xampp\htdocs\layboard\layboard\app\Controllers\SkillsController.php(11): CodeIgniter\Model->__call('get_skills', Array)
#3 C:\xampp\htdocs\layboard\layboard\system\CodeIgniter.php(918): App\Controllers\SkillsController->search_skills()
#4 C:\xampp\htdocs\layboard\layboard\system\CodeIgniter.php(404): CodeIgniter\CodeIgniter->runController(Object(App\Controllers\SkillsController))
#5 C:\xampp\htdocs\layboard\layboard\system\CodeIgniter.php(312): CodeIgniter\CodeIgniter->handleRequest(NULL, Object(Config\Cache), false)
#6 C:\xampp\htdocs\layboard\layboard\index.php(45): CodeIgniter\CodeIgniter->run()
#7 {main}
CRITICAL - 2020-12-08 09:28:59 --> You must set the database table to be used with your query.
#0 C:\xampp\htdocs\layboard\layboard\system\Model.php(1237): CodeIgniter\Database\BaseConnection->table(NULL)
#1 C:\xampp\htdocs\layboard\layboard\system\Model.php(1816): CodeIgniter\Model->builder()
#2 C:\xampp\htdocs\layboard\layboard\app\Controllers\SkillsController.php(11): CodeIgniter\Model->__call('get_skills', Array)
#3 C:\xampp\htdocs\layboard\layboard\system\CodeIgniter.php(918): App\Controllers\SkillsController->search_skills()
#4 C:\xampp\htdocs\layboard\layboard\system\CodeIgniter.php(404): CodeIgniter\CodeIgniter->runController(Object(App\Controllers\SkillsController))
#5 C:\xampp\htdocs\layboard\layboard\system\CodeIgniter.php(312): CodeIgniter\CodeIgniter->handleRequest(NULL, Object(Config\Cache), false)
#6 C:\xampp\htdocs\layboard\layboard\index.php(45): CodeIgniter\CodeIgniter->run()
#7 {main}
CRITICAL - 2020-12-08 09:29:00 --> You must set the database table to be used with your query.
#0 C:\xampp\htdocs\layboard\layboard\system\Model.php(1237): CodeIgniter\Database\BaseConnection->table(NULL)
#1 C:\xampp\htdocs\layboard\layboard\system\Model.php(1816): CodeIgniter\Model->builder()
#2 C:\xampp\htdocs\layboard\layboard\app\Controllers\SkillsController.php(11): CodeIgniter\Model->__call('get_skills', Array)
#3 C:\xampp\htdocs\layboard\layboard\system\CodeIgniter.php(918): App\Controllers\SkillsController->search_skills()
#4 C:\xampp\htdocs\layboard\layboard\system\CodeIgniter.php(404): CodeIgniter\CodeIgniter->runController(Object(App\Controllers\SkillsController))
#5 C:\xampp\htdocs\layboard\layboard\system\CodeIgniter.php(312): CodeIgniter\CodeIgniter->handleRequest(NULL, Object(Config\Cache), false)
#6 C:\xampp\htdocs\layboard\layboard\index.php(45): CodeIgniter\CodeIgniter->run()
#7 {main}
CRITICAL - 2020-12-08 09:29:00 --> You must set the database table to be used with your query.
#0 C:\xampp\htdocs\layboard\layboard\system\Model.php(1237): CodeIgniter\Database\BaseConnection->table(NULL)
#1 C:\xampp\htdocs\layboard\layboard\system\Model.php(1816): CodeIgniter\Model->builder()
#2 C:\xampp\htdocs\layboard\layboard\app\Controllers\SkillsController.php(11): CodeIgniter\Model->__call('get_skills', Array)
#3 C:\xampp\htdocs\layboard\layboard\system\CodeIgniter.php(918): App\Controllers\SkillsController->search_skills()
#4 C:\xampp\htdocs\layboard\layboard\system\CodeIgniter.php(404): CodeIgniter\CodeIgniter->runController(Object(App\Controllers\SkillsController))
#5 C:\xampp\htdocs\layboard\layboard\system\CodeIgniter.php(312): CodeIgniter\CodeIgniter->handleRequest(NULL, Object(Config\Cache), false)
#6 C:\xampp\htdocs\layboard\layboard\index.php(45): CodeIgniter\CodeIgniter->run()
#7 {main}
CRITICAL - 2020-12-08 09:29:00 --> You must set the database table to be used with your query.
#0 C:\xampp\htdocs\layboard\layboard\system\Model.php(1237): CodeIgniter\Database\BaseConnection->table(NULL)
#1 C:\xampp\htdocs\layboard\layboard\system\Model.php(1816): CodeIgniter\Model->builder()
#2 C:\xampp\htdocs\layboard\layboard\app\Controllers\SkillsController.php(11): CodeIgniter\Model->__call('get_skills', Array)
#3 C:\xampp\htdocs\layboard\layboard\system\CodeIgniter.php(918): App\Controllers\SkillsController->search_skills()
#4 C:\xampp\htdocs\layboard\layboard\system\CodeIgniter.php(404): CodeIgniter\CodeIgniter->runController(Object(App\Controllers\SkillsController))
#5 C:\xampp\htdocs\layboard\layboard\system\CodeIgniter.php(312): CodeIgniter\CodeIgniter->handleRequest(NULL, Object(Config\Cache), false)
#6 C:\xampp\htdocs\layboard\layboard\index.php(45): CodeIgniter\CodeIgniter->run()
#7 {main}
CRITICAL - 2020-12-08 09:29:01 --> You must set the database table to be used with your query.
#0 C:\xampp\htdocs\layboard\layboard\system\Model.php(1237): CodeIgniter\Database\BaseConnection->table(NULL)
#1 C:\xampp\htdocs\layboard\layboard\system\Model.php(1816): CodeIgniter\Model->builder()
#2 C:\xampp\htdocs\layboard\layboard\app\Controllers\SkillsController.php(11): CodeIgniter\Model->__call('get_skills', Array)
#3 C:\xampp\htdocs\layboard\layboard\system\CodeIgniter.php(918): App\Controllers\SkillsController->search_skills()
#4 C:\xampp\htdocs\layboard\layboard\system\CodeIgniter.php(404): CodeIgniter\CodeIgniter->runController(Object(App\Controllers\SkillsController))
#5 C:\xampp\htdocs\layboard\layboard\system\CodeIgniter.php(312): CodeIgniter\CodeIgniter->handleRequest(NULL, Object(Config\Cache), false)
#6 C:\xampp\htdocs\layboard\layboard\index.php(45): CodeIgniter\CodeIgniter->run()
#7 {main}
CRITICAL - 2020-12-08 09:29:01 --> You must set the database table to be used with your query.
#0 C:\xampp\htdocs\layboard\layboard\system\Model.php(1237): CodeIgniter\Database\BaseConnection->table(NULL)
#1 C:\xampp\htdocs\layboard\layboard\system\Model.php(1816): CodeIgniter\Model->builder()
#2 C:\xampp\htdocs\layboard\layboard\app\Controllers\SkillsController.php(11): CodeIgniter\Model->__call('get_skills', Array)
#3 C:\xampp\htdocs\layboard\layboard\system\CodeIgniter.php(918): App\Controllers\SkillsController->search_skills()
#4 C:\xampp\htdocs\layboard\layboard\system\CodeIgniter.php(404): CodeIgniter\CodeIgniter->runController(Object(App\Controllers\SkillsController))
#5 C:\xampp\htdocs\layboard\layboard\system\CodeIgniter.php(312): CodeIgniter\CodeIgniter->handleRequest(NULL, Object(Config\Cache), false)
#6 C:\xampp\htdocs\layboard\layboard\index.php(45): CodeIgniter\CodeIgniter->run()
#7 {main}
CRITICAL - 2020-12-08 09:29:01 --> You must set the database table to be used with your query.
#0 C:\xampp\htdocs\layboard\layboard\system\Model.php(1237): CodeIgniter\Database\BaseConnection->table(NULL)
#1 C:\xampp\htdocs\layboard\layboard\system\Model.php(1816): CodeIgniter\Model->builder()
#2 C:\xampp\htdocs\layboard\layboard\app\Controllers\SkillsController.php(11): CodeIgniter\Model->__call('get_skills', Array)
#3 C:\xampp\htdocs\layboard\layboard\system\CodeIgniter.php(918): App\Controllers\SkillsController->search_skills()
#4 C:\xampp\htdocs\layboard\layboard\system\CodeIgniter.php(404): CodeIgniter\CodeIgniter->runController(Object(App\Controllers\SkillsController))
#5 C:\xampp\htdocs\layboard\layboard\system\CodeIgniter.php(312): CodeIgniter\CodeIgniter->handleRequest(NULL, Object(Config\Cache), false)
#6 C:\xampp\htdocs\layboard\layboard\index.php(45): CodeIgniter\CodeIgniter->run()
#7 {main}
CRITICAL - 2020-12-08 09:29:01 --> You must set the database table to be used with your query.
#0 C:\xampp\htdocs\layboard\layboard\system\Model.php(1237): CodeIgniter\Database\BaseConnection->table(NULL)
#1 C:\xampp\htdocs\layboard\layboard\system\Model.php(1816): CodeIgniter\Model->builder()
#2 C:\xampp\htdocs\layboard\layboard\app\Controllers\SkillsController.php(11): CodeIgniter\Model->__call('get_skills', Array)
#3 C:\xampp\htdocs\layboard\layboard\system\CodeIgniter.php(918): App\Controllers\SkillsController->search_skills()
#4 C:\xampp\htdocs\layboard\layboard\system\CodeIgniter.php(404): CodeIgniter\CodeIgniter->runController(Object(App\Controllers\SkillsController))
#5 C:\xampp\htdocs\layboard\layboard\system\CodeIgniter.php(312): CodeIgniter\CodeIgniter->handleRequest(NULL, Object(Config\Cache), false)
#6 C:\xampp\htdocs\layboard\layboard\index.php(45): CodeIgniter\CodeIgniter->run()
#7 {main}
CRITICAL - 2020-12-08 09:29:02 --> You must set the database table to be used with your query.
#0 C:\xampp\htdocs\layboard\layboard\system\Model.php(1237): CodeIgniter\Database\BaseConnection->table(NULL)
#1 C:\xampp\htdocs\layboard\layboard\system\Model.php(1816): CodeIgniter\Model->builder()
#2 C:\xampp\htdocs\layboard\layboard\app\Controllers\SkillsController.php(11): CodeIgniter\Model->__call('get_skills', Array)
#3 C:\xampp\htdocs\layboard\layboard\system\CodeIgniter.php(918): App\Controllers\SkillsController->search_skills()
#4 C:\xampp\htdocs\layboard\layboard\system\CodeIgniter.php(404): CodeIgniter\CodeIgniter->runController(Object(App\Controllers\SkillsController))
#5 C:\xampp\htdocs\layboard\layboard\system\CodeIgniter.php(312): CodeIgniter\CodeIgniter->handleRequest(NULL, Object(Config\Cache), false)
#6 C:\xampp\htdocs\layboard\layboard\index.php(45): CodeIgniter\CodeIgniter->run()
#7 {main}
CRITICAL - 2020-12-08 09:29:02 --> You must set the database table to be used with your query.
#0 C:\xampp\htdocs\layboard\layboard\system\Model.php(1237): CodeIgniter\Database\BaseConnection->table(NULL)
#1 C:\xampp\htdocs\layboard\layboard\system\Model.php(1816): CodeIgniter\Model->builder()
#2 C:\xampp\htdocs\layboard\layboard\app\Controllers\SkillsController.php(11): CodeIgniter\Model->__call('get_skills', Array)
#3 C:\xampp\htdocs\layboard\layboard\system\CodeIgniter.php(918): App\Controllers\SkillsController->search_skills()
#4 C:\xampp\htdocs\layboard\layboard\system\CodeIgniter.php(404): CodeIgniter\CodeIgniter->runController(Object(App\Controllers\SkillsController))
#5 C:\xampp\htdocs\layboard\layboard\system\CodeIgniter.php(312): CodeIgniter\CodeIgniter->handleRequest(NULL, Object(Config\Cache), false)
#6 C:\xampp\htdocs\layboard\layboard\index.php(45): CodeIgniter\CodeIgniter->run()
#7 {main}
CRITICAL - 2020-12-08 09:29:03 --> You must set the database table to be used with your query.
#0 C:\xampp\htdocs\layboard\layboard\system\Model.php(1237): CodeIgniter\Database\BaseConnection->table(NULL)
#1 C:\xampp\htdocs\layboard\layboard\system\Model.php(1816): CodeIgniter\Model->builder()
#2 C:\xampp\htdocs\layboard\layboard\app\Controllers\SkillsController.php(11): CodeIgniter\Model->__call('get_skills', Array)
#3 C:\xampp\htdocs\layboard\layboard\system\CodeIgniter.php(918): App\Controllers\SkillsController->search_skills()
#4 C:\xampp\htdocs\layboard\layboard\system\CodeIgniter.php(404): CodeIgniter\CodeIgniter->runController(Object(App\Controllers\SkillsController))
#5 C:\xampp\htdocs\layboard\layboard\system\CodeIgniter.php(312): CodeIgniter\CodeIgniter->handleRequest(NULL, Object(Config\Cache), false)
#6 C:\xampp\htdocs\layboard\layboard\index.php(45): CodeIgniter\CodeIgniter->run()
#7 {main}
CRITICAL - 2020-12-08 09:29:03 --> You must set the database table to be used with your query.
#0 C:\xampp\htdocs\layboard\layboard\system\Model.php(1237): CodeIgniter\Database\BaseConnection->table(NULL)
#1 C:\xampp\htdocs\layboard\layboard\system\Model.php(1816): CodeIgniter\Model->builder()
#2 C:\xampp\htdocs\layboard\layboard\app\Controllers\SkillsController.php(11): CodeIgniter\Model->__call('get_skills', Array)
#3 C:\xampp\htdocs\layboard\layboard\system\CodeIgniter.php(918): App\Controllers\SkillsController->search_skills()
#4 C:\xampp\htdocs\layboard\layboard\system\CodeIgniter.php(404): CodeIgniter\CodeIgniter->runController(Object(App\Controllers\SkillsController))
#5 C:\xampp\htdocs\layboard\layboard\system\CodeIgniter.php(312): CodeIgniter\CodeIgniter->handleRequest(NULL, Object(Config\Cache), false)
#6 C:\xampp\htdocs\layboard\layboard\index.php(45): CodeIgniter\CodeIgniter->run()
#7 {main}
CRITICAL - 2020-12-08 09:29:03 --> You must set the database table to be used with your query.
#0 C:\xampp\htdocs\layboard\layboard\system\Model.php(1237): CodeIgniter\Database\BaseConnection->table(NULL)
#1 C:\xampp\htdocs\layboard\layboard\system\Model.php(1816): CodeIgniter\Model->builder()
#2 C:\xampp\htdocs\layboard\layboard\app\Controllers\SkillsController.php(11): CodeIgniter\Model->__call('get_skills', Array)
#3 C:\xampp\htdocs\layboard\layboard\system\CodeIgniter.php(918): App\Controllers\SkillsController->search_skills()
#4 C:\xampp\htdocs\layboard\layboard\system\CodeIgniter.php(404): CodeIgniter\CodeIgniter->runController(Object(App\Controllers\SkillsController))
#5 C:\xampp\htdocs\layboard\layboard\system\CodeIgniter.php(312): CodeIgniter\CodeIgniter->handleRequest(NULL, Object(Config\Cache), false)
#6 C:\xampp\htdocs\layboard\layboard\index.php(45): CodeIgniter\CodeIgniter->run()
#7 {main}
CRITICAL - 2020-12-08 09:31:24 --> You must set the database table to be used with your query.
#0 C:\xampp\htdocs\layboard\layboard\system\Model.php(1237): CodeIgniter\Database\BaseConnection->table(NULL)
#1 C:\xampp\htdocs\layboard\layboard\system\Model.php(1816): CodeIgniter\Model->builder()
#2 C:\xampp\htdocs\layboard\layboard\app\Controllers\SkillsController.php(11): CodeIgniter\Model->__call('get_skills', Array)
#3 C:\xampp\htdocs\layboard\layboard\system\CodeIgniter.php(918): App\Controllers\SkillsController->search_skills()
#4 C:\xampp\htdocs\layboard\layboard\system\CodeIgniter.php(404): CodeIgniter\CodeIgniter->runController(Object(App\Controllers\SkillsController))
#5 C:\xampp\htdocs\layboard\layboard\system\CodeIgniter.php(312): CodeIgniter\CodeIgniter->handleRequest(NULL, Object(Config\Cache), false)
#6 C:\xampp\htdocs\layboard\layboard\index.php(45): CodeIgniter\CodeIgniter->run()
#7 {main}
CRITICAL - 2020-12-08 09:41:28 --> syntax error, unexpected '$builder' (T_VARIABLE)
#0 C:\xampp\htdocs\layboard\layboard\system\Autoloader\Autoloader.php(296): CodeIgniter\Autoloader\Autoloader->requireFile('C:\\xampp\\htdocs...')
#1 C:\xampp\htdocs\layboard\layboard\system\Autoloader\Autoloader.php(258): CodeIgniter\Autoloader\Autoloader->loadInNamespace('App\\Models\\Skil...')
#2 [internal function]: CodeIgniter\Autoloader\Autoloader->loadClass('App\\Models\\Skil...')
#3 C:\xampp\htdocs\layboard\layboard\app\Controllers\SkillsController.php(8): spl_autoload_call('App\\Models\\Skil...')
#4 C:\xampp\htdocs\layboard\layboard\system\CodeIgniter.php(918): App\Controllers\SkillsController->search_skills()
#5 C:\xampp\htdocs\layboard\layboard\system\CodeIgniter.php(404): CodeIgniter\CodeIgniter->runController(Object(App\Controllers\SkillsController))
#6 C:\xampp\htdocs\layboard\layboard\system\CodeIgniter.php(312): CodeIgniter\CodeIgniter->handleRequest(NULL, Object(Config\Cache), false)
#7 C:\xampp\htdocs\layboard\layboard\index.php(45): CodeIgniter\CodeIgniter->run()
#8 {main}
CRITICAL - 2020-12-08 09:41:28 --> syntax error, unexpected '$builder' (T_VARIABLE)
#0 C:\xampp\htdocs\layboard\layboard\system\Autoloader\Autoloader.php(296): CodeIgniter\Autoloader\Autoloader->requireFile('C:\\xampp\\htdocs...')
#1 C:\xampp\htdocs\layboard\layboard\system\Autoloader\Autoloader.php(258): CodeIgniter\Autoloader\Autoloader->loadInNamespace('App\\Models\\Skil...')
#2 [internal function]: CodeIgniter\Autoloader\Autoloader->loadClass('App\\Models\\Skil...')
#3 C:\xampp\htdocs\layboard\layboard\app\Controllers\SkillsController.php(8): spl_autoload_call('App\\Models\\Skil...')
#4 C:\xampp\htdocs\layboard\layboard\system\CodeIgniter.php(918): App\Controllers\SkillsController->search_skills()
#5 C:\xampp\htdocs\layboard\layboard\system\CodeIgniter.php(404): CodeIgniter\CodeIgniter->runController(Object(App\Controllers\SkillsController))
#6 C:\xampp\htdocs\layboard\layboard\system\CodeIgniter.php(312): CodeIgniter\CodeIgniter->handleRequest(NULL, Object(Config\Cache), false)
#7 C:\xampp\htdocs\layboard\layboard\index.php(45): CodeIgniter\CodeIgniter->run()
#8 {main}
CRITICAL - 2020-12-08 09:41:29 --> syntax error, unexpected '$builder' (T_VARIABLE)
#0 C:\xampp\htdocs\layboard\layboard\system\Autoloader\Autoloader.php(296): CodeIgniter\Autoloader\Autoloader->requireFile('C:\\xampp\\htdocs...')
#1 C:\xampp\htdocs\layboard\layboard\system\Autoloader\Autoloader.php(258): CodeIgniter\Autoloader\Autoloader->loadInNamespace('App\\Models\\Skil...')
#2 [internal function]: CodeIgniter\Autoloader\Autoloader->loadClass('App\\Models\\Skil...')
#3 C:\xampp\htdocs\layboard\layboard\app\Controllers\SkillsController.php(8): spl_autoload_call('App\\Models\\Skil...')
#4 C:\xampp\htdocs\layboard\layboard\system\CodeIgniter.php(918): App\Controllers\SkillsController->search_skills()
#5 C:\xampp\htdocs\layboard\layboard\system\CodeIgniter.php(404): CodeIgniter\CodeIgniter->runController(Object(App\Controllers\SkillsController))
#6 C:\xampp\htdocs\layboard\layboard\system\CodeIgniter.php(312): CodeIgniter\CodeIgniter->handleRequest(NULL, Object(Config\Cache), false)
#7 C:\xampp\htdocs\layboard\layboard\index.php(45): CodeIgniter\CodeIgniter->run()
#8 {main}
CRITICAL - 2020-12-08 09:41:29 --> syntax error, unexpected '$builder' (T_VARIABLE)
#0 C:\xampp\htdocs\layboard\layboard\system\Autoloader\Autoloader.php(296): CodeIgniter\Autoloader\Autoloader->requireFile('C:\\xampp\\htdocs...')
#1 C:\xampp\htdocs\layboard\layboard\system\Autoloader\Autoloader.php(258): CodeIgniter\Autoloader\Autoloader->loadInNamespace('App\\Models\\Skil...')
#2 [internal function]: CodeIgniter\Autoloader\Autoloader->loadClass('App\\Models\\Skil...')
#3 C:\xampp\htdocs\layboard\layboard\app\Controllers\SkillsController.php(8): spl_autoload_call('App\\Models\\Skil...')
#4 C:\xampp\htdocs\layboard\layboard\system\CodeIgniter.php(918): App\Controllers\SkillsController->search_skills()
#5 C:\xampp\htdocs\layboard\layboard\system\CodeIgniter.php(404): CodeIgniter\CodeIgniter->runController(Object(App\Controllers\SkillsController))
#6 C:\xampp\htdocs\layboard\layboard\system\CodeIgniter.php(312): CodeIgniter\CodeIgniter->handleRequest(NULL, Object(Config\Cache), false)
#7 C:\xampp\htdocs\layboard\layboard\index.php(45): CodeIgniter\CodeIgniter->run()
#8 {main}
CRITICAL - 2020-12-08 09:41:30 --> syntax error, unexpected '$builder' (T_VARIABLE)
#0 C:\xampp\htdocs\layboard\layboard\system\Autoloader\Autoloader.php(296): CodeIgniter\Autoloader\Autoloader->requireFile('C:\\xampp\\htdocs...')
#1 C:\xampp\htdocs\layboard\layboard\system\Autoloader\Autoloader.php(258): CodeIgniter\Autoloader\Autoloader->loadInNamespace('App\\Models\\Skil...')
#2 [internal function]: CodeIgniter\Autoloader\Autoloader->loadClass('App\\Models\\Skil...')
#3 C:\xampp\htdocs\layboard\layboard\app\Controllers\SkillsController.php(8): spl_autoload_call('App\\Models\\Skil...')
#4 C:\xampp\htdocs\layboard\layboard\system\CodeIgniter.php(918): App\Controllers\SkillsController->search_skills()
#5 C:\xampp\htdocs\layboard\layboard\system\CodeIgniter.php(404): CodeIgniter\CodeIgniter->runController(Object(App\Controllers\SkillsController))
#6 C:\xampp\htdocs\layboard\layboard\system\CodeIgniter.php(312): CodeIgniter\CodeIgniter->handleRequest(NULL, Object(Config\Cache), false)
#7 C:\xampp\htdocs\layboard\layboard\index.php(45): CodeIgniter\CodeIgniter->run()
#8 {main}
CRITICAL - 2020-12-08 09:41:34 --> syntax error, unexpected '$builder' (T_VARIABLE)
#0 C:\xampp\htdocs\layboard\layboard\system\Autoloader\Autoloader.php(296): CodeIgniter\Autoloader\Autoloader->requireFile('C:\\xampp\\htdocs...')
#1 C:\xampp\htdocs\layboard\layboard\system\Autoloader\Autoloader.php(258): CodeIgniter\Autoloader\Autoloader->loadInNamespace('App\\Models\\Skil...')
#2 [internal function]: CodeIgniter\Autoloader\Autoloader->loadClass('App\\Models\\Skil...')
#3 C:\xampp\htdocs\layboard\layboard\app\Controllers\SkillsController.php(8): spl_autoload_call('App\\Models\\Skil...')
#4 C:\xampp\htdocs\layboard\layboard\system\CodeIgniter.php(918): App\Controllers\SkillsController->search_skills()
#5 C:\xampp\htdocs\layboard\layboard\system\CodeIgniter.php(404): CodeIgniter\CodeIgniter->runController(Object(App\Controllers\SkillsController))
#6 C:\xampp\htdocs\layboard\layboard\system\CodeIgniter.php(312): CodeIgniter\CodeIgniter->handleRequest(NULL, Object(Config\Cache), false)
#7 C:\xampp\htdocs\layboard\layboard\index.php(45): CodeIgniter\CodeIgniter->run()
#8 {main}
