CRITICAL - 2021-04-19 03:35:01 --> syntax error, unexpected ';'
#0 C:\xampp\htdocs\layboard\layboard\system\Common.php(1119): CodeIgniter\View\View->render('admins/dashboar...', Array, true)
#1 C:\xampp\htdocs\layboard\layboard\app\Controllers\PagesController.php(347): view('admins/dashboar...', Array)
#2 C:\xampp\htdocs\layboard\layboard\system\CodeIgniter.php(918): App\Controllers\PagesController->dashboard_simptables()
#3 C:\xampp\htdocs\layboard\layboard\system\CodeIgniter.php(404): CodeIgniter\CodeIgniter->runController(Object(App\Controllers\PagesController))
#4 C:\xampp\htdocs\layboard\layboard\system\CodeIgniter.php(312): CodeIgniter\CodeIgniter->handleRequest(NULL, Object(Config\Cache), false)
#5 C:\xampp\htdocs\layboard\layboard\index.php(45): CodeIgniter\CodeIgniter->run()
#6 {main}
CRITICAL - 2021-04-19 03:35:01 --> syntax error, unexpected ';'
#0 C:\xampp\htdocs\layboard\layboard\system\Common.php(1119): CodeIgniter\View\View->render('admins/dashboar...', Array, true)
#1 C:\xampp\htdocs\layboard\layboard\app\Controllers\PagesController.php(347): view('admins/dashboar...', Array)
#2 C:\xampp\htdocs\layboard\layboard\system\CodeIgniter.php(918): App\Controllers\PagesController->dashboard_simptables()
#3 C:\xampp\htdocs\layboard\layboard\system\CodeIgniter.php(404): CodeIgniter\CodeIgniter->runController(Object(App\Controllers\PagesController))
#4 C:\xampp\htdocs\layboard\layboard\system\CodeIgniter.php(312): CodeIgniter\CodeIgniter->handleRequest(NULL, Object(Config\Cache), false)
#5 C:\xampp\htdocs\layboard\layboard\index.php(45): CodeIgniter\CodeIgniter->run()
#6 {main}
CRITICAL - 2021-04-19 03:43:39 --> syntax error, unexpected '<'
#0 C:\xampp\htdocs\layboard\layboard\system\Common.php(1119): CodeIgniter\View\View->render('admins/dashboar...', Array, true)
#1 C:\xampp\htdocs\layboard\layboard\app\Controllers\PagesController.php(347): view('admins/dashboar...', Array)
#2 C:\xampp\htdocs\layboard\layboard\system\CodeIgniter.php(918): App\Controllers\PagesController->dashboard_simptables()
#3 C:\xampp\htdocs\layboard\layboard\system\CodeIgniter.php(404): CodeIgniter\CodeIgniter->runController(Object(App\Controllers\PagesController))
#4 C:\xampp\htdocs\layboard\layboard\system\CodeIgniter.php(312): CodeIgniter\CodeIgniter->handleRequest(NULL, Object(Config\Cache), false)
#5 C:\xampp\htdocs\layboard\layboard\index.php(45): CodeIgniter\CodeIgniter->run()
#6 {main}
CRITICAL - 2021-04-19 13:59:57 --> syntax error, unexpected '}', expecting end of file
#0 C:\xampp\htdocs\layboard\layboard\system\Common.php(1119): CodeIgniter\View\View->render('admins/dashboar...', Array, true)
#1 C:\xampp\htdocs\layboard\layboard\app\Controllers\PagesController.php(347): view('admins/dashboar...', Array)
#2 C:\xampp\htdocs\layboard\layboard\system\CodeIgniter.php(918): App\Controllers\PagesController->dashboard_simptables()
#3 C:\xampp\htdocs\layboard\layboard\system\CodeIgniter.php(404): CodeIgniter\CodeIgniter->runController(Object(App\Controllers\PagesController))
#4 C:\xampp\htdocs\layboard\layboard\system\CodeIgniter.php(312): CodeIgniter\CodeIgniter->handleRequest(NULL, Object(Config\Cache), false)
#5 C:\xampp\htdocs\layboard\layboard\index.php(45): CodeIgniter\CodeIgniter->run()
#6 {main}
CRITICAL - 2021-04-19 14:01:34 --> syntax error, unexpected ';'
#0 C:\xampp\htdocs\layboard\layboard\system\Common.php(1119): CodeIgniter\View\View->render('admins/dashboar...', Array, true)
#1 C:\xampp\htdocs\layboard\layboard\app\Controllers\PagesController.php(347): view('admins/dashboar...', Array)
#2 C:\xampp\htdocs\layboard\layboard\system\CodeIgniter.php(918): App\Controllers\PagesController->dashboard_simptables()
#3 C:\xampp\htdocs\layboard\layboard\system\CodeIgniter.php(404): CodeIgniter\CodeIgniter->runController(Object(App\Controllers\PagesController))
#4 C:\xampp\htdocs\layboard\layboard\system\CodeIgniter.php(312): CodeIgniter\CodeIgniter->handleRequest(NULL, Object(Config\Cache), false)
#5 C:\xampp\htdocs\layboard\layboard\index.php(45): CodeIgniter\CodeIgniter->run()
#6 {main}
CRITICAL - 2021-04-19 14:01:42 --> syntax error, unexpected ';'
#0 C:\xampp\htdocs\layboard\layboard\system\Common.php(1119): CodeIgniter\View\View->render('admins/dashboar...', Array, true)
#1 C:\xampp\htdocs\layboard\layboard\app\Controllers\PagesController.php(347): view('admins/dashboar...', Array)
#2 C:\xampp\htdocs\layboard\layboard\system\CodeIgniter.php(918): App\Controllers\PagesController->dashboard_simptables()
#3 C:\xampp\htdocs\layboard\layboard\system\CodeIgniter.php(404): CodeIgniter\CodeIgniter->runController(Object(App\Controllers\PagesController))
#4 C:\xampp\htdocs\layboard\layboard\system\CodeIgniter.php(312): CodeIgniter\CodeIgniter->handleRequest(NULL, Object(Config\Cache), false)
#5 C:\xampp\htdocs\layboard\layboard\index.php(45): CodeIgniter\CodeIgniter->run()
#6 {main}
CRITICAL - 2021-04-19 14:01:43 --> syntax error, unexpected ';'
#0 C:\xampp\htdocs\layboard\layboard\system\Common.php(1119): CodeIgniter\View\View->render('admins/dashboar...', Array, true)
#1 C:\xampp\htdocs\layboard\layboard\app\Controllers\PagesController.php(347): view('admins/dashboar...', Array)
#2 C:\xampp\htdocs\layboard\layboard\system\CodeIgniter.php(918): App\Controllers\PagesController->dashboard_simptables()
#3 C:\xampp\htdocs\layboard\layboard\system\CodeIgniter.php(404): CodeIgniter\CodeIgniter->runController(Object(App\Controllers\PagesController))
#4 C:\xampp\htdocs\layboard\layboard\system\CodeIgniter.php(312): CodeIgniter\CodeIgniter->handleRequest(NULL, Object(Config\Cache), false)
#5 C:\xampp\htdocs\layboard\layboard\index.php(45): CodeIgniter\CodeIgniter->run()
#6 {main}
CRITICAL - 2021-04-19 14:01:44 --> syntax error, unexpected ';'
#0 C:\xampp\htdocs\layboard\layboard\system\Common.php(1119): CodeIgniter\View\View->render('admins/dashboar...', Array, true)
#1 C:\xampp\htdocs\layboard\layboard\app\Controllers\PagesController.php(347): view('admins/dashboar...', Array)
#2 C:\xampp\htdocs\layboard\layboard\system\CodeIgniter.php(918): App\Controllers\PagesController->dashboard_simptables()
#3 C:\xampp\htdocs\layboard\layboard\system\CodeIgniter.php(404): CodeIgniter\CodeIgniter->runController(Object(App\Controllers\PagesController))
#4 C:\xampp\htdocs\layboard\layboard\system\CodeIgniter.php(312): CodeIgniter\CodeIgniter->handleRequest(NULL, Object(Config\Cache), false)
#5 C:\xampp\htdocs\layboard\layboard\index.php(45): CodeIgniter\CodeIgniter->run()
#6 {main}
CRITICAL - 2021-04-19 14:01:44 --> syntax error, unexpected ';'
#0 C:\xampp\htdocs\layboard\layboard\system\Common.php(1119): CodeIgniter\View\View->render('admins/dashboar...', Array, true)
#1 C:\xampp\htdocs\layboard\layboard\app\Controllers\PagesController.php(347): view('admins/dashboar...', Array)
#2 C:\xampp\htdocs\layboard\layboard\system\CodeIgniter.php(918): App\Controllers\PagesController->dashboard_simptables()
#3 C:\xampp\htdocs\layboard\layboard\system\CodeIgniter.php(404): CodeIgniter\CodeIgniter->runController(Object(App\Controllers\PagesController))
#4 C:\xampp\htdocs\layboard\layboard\system\CodeIgniter.php(312): CodeIgniter\CodeIgniter->handleRequest(NULL, Object(Config\Cache), false)
#5 C:\xampp\htdocs\layboard\layboard\index.php(45): CodeIgniter\CodeIgniter->run()
#6 {main}
CRITICAL - 2021-04-19 14:01:44 --> syntax error, unexpected ';'
#0 C:\xampp\htdocs\layboard\layboard\system\Common.php(1119): CodeIgniter\View\View->render('admins/dashboar...', Array, true)
#1 C:\xampp\htdocs\layboard\layboard\app\Controllers\PagesController.php(347): view('admins/dashboar...', Array)
#2 C:\xampp\htdocs\layboard\layboard\system\CodeIgniter.php(918): App\Controllers\PagesController->dashboard_simptables()
#3 C:\xampp\htdocs\layboard\layboard\system\CodeIgniter.php(404): CodeIgniter\CodeIgniter->runController(Object(App\Controllers\PagesController))
#4 C:\xampp\htdocs\layboard\layboard\system\CodeIgniter.php(312): CodeIgniter\CodeIgniter->handleRequest(NULL, Object(Config\Cache), false)
#5 C:\xampp\htdocs\layboard\layboard\index.php(45): CodeIgniter\CodeIgniter->run()
#6 {main}
CRITICAL - 2021-04-19 14:01:44 --> syntax error, unexpected ';'
#0 C:\xampp\htdocs\layboard\layboard\system\Common.php(1119): CodeIgniter\View\View->render('admins/dashboar...', Array, true)
#1 C:\xampp\htdocs\layboard\layboard\app\Controllers\PagesController.php(347): view('admins/dashboar...', Array)
#2 C:\xampp\htdocs\layboard\layboard\system\CodeIgniter.php(918): App\Controllers\PagesController->dashboard_simptables()
#3 C:\xampp\htdocs\layboard\layboard\system\CodeIgniter.php(404): CodeIgniter\CodeIgniter->runController(Object(App\Controllers\PagesController))
#4 C:\xampp\htdocs\layboard\layboard\system\CodeIgniter.php(312): CodeIgniter\CodeIgniter->handleRequest(NULL, Object(Config\Cache), false)
#5 C:\xampp\htdocs\layboard\layboard\index.php(45): CodeIgniter\CodeIgniter->run()
#6 {main}
CRITICAL - 2021-04-19 14:01:58 --> syntax error, unexpected ';'
#0 C:\xampp\htdocs\layboard\layboard\system\Common.php(1119): CodeIgniter\View\View->render('admins/dashboar...', Array, true)
#1 C:\xampp\htdocs\layboard\layboard\app\Controllers\PagesController.php(347): view('admins/dashboar...', Array)
#2 C:\xampp\htdocs\layboard\layboard\system\CodeIgniter.php(918): App\Controllers\PagesController->dashboard_simptables()
#3 C:\xampp\htdocs\layboard\layboard\system\CodeIgniter.php(404): CodeIgniter\CodeIgniter->runController(Object(App\Controllers\PagesController))
#4 C:\xampp\htdocs\layboard\layboard\system\CodeIgniter.php(312): CodeIgniter\CodeIgniter->handleRequest(NULL, Object(Config\Cache), false)
#5 C:\xampp\htdocs\layboard\layboard\index.php(45): CodeIgniter\CodeIgniter->run()
#6 {main}
CRITICAL - 2021-04-19 14:02:03 --> syntax error, unexpected ';'
#0 C:\xampp\htdocs\layboard\layboard\system\Common.php(1119): CodeIgniter\View\View->render('admins/dashboar...', Array, true)
#1 C:\xampp\htdocs\layboard\layboard\app\Controllers\PagesController.php(347): view('admins/dashboar...', Array)
#2 C:\xampp\htdocs\layboard\layboard\system\CodeIgniter.php(918): App\Controllers\PagesController->dashboard_simptables()
#3 C:\xampp\htdocs\layboard\layboard\system\CodeIgniter.php(404): CodeIgniter\CodeIgniter->runController(Object(App\Controllers\PagesController))
#4 C:\xampp\htdocs\layboard\layboard\system\CodeIgniter.php(312): CodeIgniter\CodeIgniter->handleRequest(NULL, Object(Config\Cache), false)
#5 C:\xampp\htdocs\layboard\layboard\index.php(45): CodeIgniter\CodeIgniter->run()
#6 {main}
CRITICAL - 2021-04-19 14:02:13 --> syntax error, unexpected ','
#0 C:\xampp\htdocs\layboard\layboard\system\Common.php(1119): CodeIgniter\View\View->render('admins/dashboar...', Array, true)
#1 C:\xampp\htdocs\layboard\layboard\app\Controllers\PagesController.php(347): view('admins/dashboar...', Array)
#2 C:\xampp\htdocs\layboard\layboard\system\CodeIgniter.php(918): App\Controllers\PagesController->dashboard_simptables()
#3 C:\xampp\htdocs\layboard\layboard\system\CodeIgniter.php(404): CodeIgniter\CodeIgniter->runController(Object(App\Controllers\PagesController))
#4 C:\xampp\htdocs\layboard\layboard\system\CodeIgniter.php(312): CodeIgniter\CodeIgniter->handleRequest(NULL, Object(Config\Cache), false)
#5 C:\xampp\htdocs\layboard\layboard\index.php(45): CodeIgniter\CodeIgniter->run()
#6 {main}
CRITICAL - 2021-04-19 14:02:19 --> syntax error, unexpected '$j' (T_VARIABLE)
#0 C:\xampp\htdocs\layboard\layboard\system\Common.php(1119): CodeIgniter\View\View->render('admins/dashboar...', Array, true)
#1 C:\xampp\htdocs\layboard\layboard\app\Controllers\PagesController.php(347): view('admins/dashboar...', Array)
#2 C:\xampp\htdocs\layboard\layboard\system\CodeIgniter.php(918): App\Controllers\PagesController->dashboard_simptables()
#3 C:\xampp\htdocs\layboard\layboard\system\CodeIgniter.php(404): CodeIgniter\CodeIgniter->runController(Object(App\Controllers\PagesController))
#4 C:\xampp\htdocs\layboard\layboard\system\CodeIgniter.php(312): CodeIgniter\CodeIgniter->handleRequest(NULL, Object(Config\Cache), false)
#5 C:\xampp\htdocs\layboard\layboard\index.php(45): CodeIgniter\CodeIgniter->run()
#6 {main}
CRITICAL - 2021-04-19 14:04:03 --> Call to a member function fetch_accoc() on array
#0 C:\xampp\htdocs\layboard\layboard\system\View\View.php(246): include()
#1 C:\xampp\htdocs\layboard\layboard\system\Common.php(1119): CodeIgniter\View\View->render('admins/dashboar...', Array, true)
#2 C:\xampp\htdocs\layboard\layboard\app\Controllers\PagesController.php(347): view('admins/dashboar...', Array)
#3 C:\xampp\htdocs\layboard\layboard\system\CodeIgniter.php(918): App\Controllers\PagesController->dashboard_simptables()
#4 C:\xampp\htdocs\layboard\layboard\system\CodeIgniter.php(404): CodeIgniter\CodeIgniter->runController(Object(App\Controllers\PagesController))
#5 C:\xampp\htdocs\layboard\layboard\system\CodeIgniter.php(312): CodeIgniter\CodeIgniter->handleRequest(NULL, Object(Config\Cache), false)
#6 C:\xampp\htdocs\layboard\layboard\index.php(45): CodeIgniter\CodeIgniter->run()
#7 {main}
CRITICAL - 2021-04-19 14:04:04 --> Call to a member function fetch_accoc() on array
#0 C:\xampp\htdocs\layboard\layboard\system\View\View.php(246): include()
#1 C:\xampp\htdocs\layboard\layboard\system\Common.php(1119): CodeIgniter\View\View->render('admins/dashboar...', Array, true)
#2 C:\xampp\htdocs\layboard\layboard\app\Controllers\PagesController.php(347): view('admins/dashboar...', Array)
#3 C:\xampp\htdocs\layboard\layboard\system\CodeIgniter.php(918): App\Controllers\PagesController->dashboard_simptables()
#4 C:\xampp\htdocs\layboard\layboard\system\CodeIgniter.php(404): CodeIgniter\CodeIgniter->runController(Object(App\Controllers\PagesController))
#5 C:\xampp\htdocs\layboard\layboard\system\CodeIgniter.php(312): CodeIgniter\CodeIgniter->handleRequest(NULL, Object(Config\Cache), false)
#6 C:\xampp\htdocs\layboard\layboard\index.php(45): CodeIgniter\CodeIgniter->run()
#7 {main}
CRITICAL - 2021-04-19 14:05:31 --> syntax error, unexpected '}', expecting end of file
#0 C:\xampp\htdocs\layboard\layboard\system\Common.php(1119): CodeIgniter\View\View->render('admins/dashboar...', Array, true)
#1 C:\xampp\htdocs\layboard\layboard\app\Controllers\PagesController.php(347): view('admins/dashboar...', Array)
#2 C:\xampp\htdocs\layboard\layboard\system\CodeIgniter.php(918): App\Controllers\PagesController->dashboard_simptables()
#3 C:\xampp\htdocs\layboard\layboard\system\CodeIgniter.php(404): CodeIgniter\CodeIgniter->runController(Object(App\Controllers\PagesController))
#4 C:\xampp\htdocs\layboard\layboard\system\CodeIgniter.php(312): CodeIgniter\CodeIgniter->handleRequest(NULL, Object(Config\Cache), false)
#5 C:\xampp\htdocs\layboard\layboard\index.php(45): CodeIgniter\CodeIgniter->run()
#6 {main}
CRITICAL - 2021-04-19 14:06:01 --> syntax error, unexpected '}', expecting end of file
#0 C:\xampp\htdocs\layboard\layboard\system\Common.php(1119): CodeIgniter\View\View->render('admins/dashboar...', Array, true)
#1 C:\xampp\htdocs\layboard\layboard\app\Controllers\PagesController.php(347): view('admins/dashboar...', Array)
#2 C:\xampp\htdocs\layboard\layboard\system\CodeIgniter.php(918): App\Controllers\PagesController->dashboard_simptables()
#3 C:\xampp\htdocs\layboard\layboard\system\CodeIgniter.php(404): CodeIgniter\CodeIgniter->runController(Object(App\Controllers\PagesController))
#4 C:\xampp\htdocs\layboard\layboard\system\CodeIgniter.php(312): CodeIgniter\CodeIgniter->handleRequest(NULL, Object(Config\Cache), false)
#5 C:\xampp\htdocs\layboard\layboard\index.php(45): CodeIgniter\CodeIgniter->run()
#6 {main}
CRITICAL - 2021-04-19 14:06:11 --> syntax error, unexpected '}', expecting end of file
#0 C:\xampp\htdocs\layboard\layboard\system\Common.php(1119): CodeIgniter\View\View->render('admins/dashboar...', Array, true)
#1 C:\xampp\htdocs\layboard\layboard\app\Controllers\PagesController.php(347): view('admins/dashboar...', Array)
#2 C:\xampp\htdocs\layboard\layboard\system\CodeIgniter.php(918): App\Controllers\PagesController->dashboard_simptables()
#3 C:\xampp\htdocs\layboard\layboard\system\CodeIgniter.php(404): CodeIgniter\CodeIgniter->runController(Object(App\Controllers\PagesController))
#4 C:\xampp\htdocs\layboard\layboard\system\CodeIgniter.php(312): CodeIgniter\CodeIgniter->handleRequest(NULL, Object(Config\Cache), false)
#5 C:\xampp\htdocs\layboard\layboard\index.php(45): CodeIgniter\CodeIgniter->run()
#6 {main}
CRITICAL - 2021-04-19 14:06:28 --> syntax error, unexpected '}', expecting end of file
#0 C:\xampp\htdocs\layboard\layboard\system\Common.php(1119): CodeIgniter\View\View->render('admins/dashboar...', Array, true)
#1 C:\xampp\htdocs\layboard\layboard\app\Controllers\PagesController.php(347): view('admins/dashboar...', Array)
#2 C:\xampp\htdocs\layboard\layboard\system\CodeIgniter.php(918): App\Controllers\PagesController->dashboard_simptables()
#3 C:\xampp\htdocs\layboard\layboard\system\CodeIgniter.php(404): CodeIgniter\CodeIgniter->runController(Object(App\Controllers\PagesController))
#4 C:\xampp\htdocs\layboard\layboard\system\CodeIgniter.php(312): CodeIgniter\CodeIgniter->handleRequest(NULL, Object(Config\Cache), false)
#5 C:\xampp\htdocs\layboard\layboard\index.php(45): CodeIgniter\CodeIgniter->run()
#6 {main}
CRITICAL - 2021-04-19 14:06:29 --> syntax error, unexpected '}', expecting end of file
#0 C:\xampp\htdocs\layboard\layboard\system\Common.php(1119): CodeIgniter\View\View->render('admins/dashboar...', Array, true)
#1 C:\xampp\htdocs\layboard\layboard\app\Controllers\PagesController.php(347): view('admins/dashboar...', Array)
#2 C:\xampp\htdocs\layboard\layboard\system\CodeIgniter.php(918): App\Controllers\PagesController->dashboard_simptables()
#3 C:\xampp\htdocs\layboard\layboard\system\CodeIgniter.php(404): CodeIgniter\CodeIgniter->runController(Object(App\Controllers\PagesController))
#4 C:\xampp\htdocs\layboard\layboard\system\CodeIgniter.php(312): CodeIgniter\CodeIgniter->handleRequest(NULL, Object(Config\Cache), false)
#5 C:\xampp\htdocs\layboard\layboard\index.php(45): CodeIgniter\CodeIgniter->run()
#6 {main}
CRITICAL - 2021-04-19 14:06:29 --> syntax error, unexpected '}', expecting end of file
#0 C:\xampp\htdocs\layboard\layboard\system\Common.php(1119): CodeIgniter\View\View->render('admins/dashboar...', Array, true)
#1 C:\xampp\htdocs\layboard\layboard\app\Controllers\PagesController.php(347): view('admins/dashboar...', Array)
#2 C:\xampp\htdocs\layboard\layboard\system\CodeIgniter.php(918): App\Controllers\PagesController->dashboard_simptables()
#3 C:\xampp\htdocs\layboard\layboard\system\CodeIgniter.php(404): CodeIgniter\CodeIgniter->runController(Object(App\Controllers\PagesController))
#4 C:\xampp\htdocs\layboard\layboard\system\CodeIgniter.php(312): CodeIgniter\CodeIgniter->handleRequest(NULL, Object(Config\Cache), false)
#5 C:\xampp\htdocs\layboard\layboard\index.php(45): CodeIgniter\CodeIgniter->run()
#6 {main}
CRITICAL - 2021-04-19 14:06:29 --> syntax error, unexpected '}', expecting end of file
#0 C:\xampp\htdocs\layboard\layboard\system\Common.php(1119): CodeIgniter\View\View->render('admins/dashboar...', Array, true)
#1 C:\xampp\htdocs\layboard\layboard\app\Controllers\PagesController.php(347): view('admins/dashboar...', Array)
#2 C:\xampp\htdocs\layboard\layboard\system\CodeIgniter.php(918): App\Controllers\PagesController->dashboard_simptables()
#3 C:\xampp\htdocs\layboard\layboard\system\CodeIgniter.php(404): CodeIgniter\CodeIgniter->runController(Object(App\Controllers\PagesController))
#4 C:\xampp\htdocs\layboard\layboard\system\CodeIgniter.php(312): CodeIgniter\CodeIgniter->handleRequest(NULL, Object(Config\Cache), false)
#5 C:\xampp\htdocs\layboard\layboard\index.php(45): CodeIgniter\CodeIgniter->run()
#6 {main}
CRITICAL - 2021-04-19 14:28:33 --> syntax error, unexpected '$query' (T_VARIABLE)
#0 C:\xampp\htdocs\layboard\layboard\system\Autoloader\Autoloader.php(296): CodeIgniter\Autoloader\Autoloader->requireFile('C:\\xampp\\htdocs...')
#1 C:\xampp\htdocs\layboard\layboard\system\Autoloader\Autoloader.php(258): CodeIgniter\Autoloader\Autoloader->loadInNamespace('App\\Models\\Admi...')
#2 [internal function]: CodeIgniter\Autoloader\Autoloader->loadClass('App\\Models\\Admi...')
#3 C:\xampp\htdocs\layboard\layboard\app\Controllers\PagesController.php(382): spl_autoload_call('App\\Models\\Admi...')
#4 C:\xampp\htdocs\layboard\layboard\system\CodeIgniter.php(918): App\Controllers\PagesController->dashboard_datatables()
#5 C:\xampp\htdocs\layboard\layboard\system\CodeIgniter.php(404): CodeIgniter\CodeIgniter->runController(Object(App\Controllers\PagesController))
#6 C:\xampp\htdocs\layboard\layboard\system\CodeIgniter.php(312): CodeIgniter\CodeIgniter->handleRequest(NULL, Object(Config\Cache), false)
#7 C:\xampp\htdocs\layboard\layboard\index.php(45): CodeIgniter\CodeIgniter->run()
#8 {main}
CRITICAL - 2021-04-19 21:51:50 --> Invalid file: admins/dashboard_simptables.php
#0 C:\xampp\htdocs\layboard\layboard\system\View\View.php(228): CodeIgniter\Exceptions\FrameworkException::forInvalidFile('admins/dashboar...')
#1 C:\xampp\htdocs\layboard\layboard\system\Common.php(1119): CodeIgniter\View\View->render('admins/dashboar...', Array, true)
#2 C:\xampp\htdocs\layboard\layboard\app\Controllers\PagesController.php(347): view('admins/dashboar...', Array)
#3 C:\xampp\htdocs\layboard\layboard\system\CodeIgniter.php(918): App\Controllers\PagesController->dashboard_employerslist()
#4 C:\xampp\htdocs\layboard\layboard\system\CodeIgniter.php(404): CodeIgniter\CodeIgniter->runController(Object(App\Controllers\PagesController))
#5 C:\xampp\htdocs\layboard\layboard\system\CodeIgniter.php(312): CodeIgniter\CodeIgniter->handleRequest(NULL, Object(Config\Cache), false)
#6 C:\xampp\htdocs\layboard\layboard\index.php(45): CodeIgniter\CodeIgniter->run()
#7 {main}
CRITICAL - 2021-04-19 21:52:27 --> Invalid file: admins/dashboard_freelancerslist.php
#0 C:\xampp\htdocs\layboard\layboard\system\View\View.php(228): CodeIgniter\Exceptions\FrameworkException::forInvalidFile('admins/dashboar...')
#1 C:\xampp\htdocs\layboard\layboard\system\Common.php(1119): CodeIgniter\View\View->render('admins/dashboar...', Array, true)
#2 C:\xampp\htdocs\layboard\layboard\app\Controllers\PagesController.php(402): view('admins/dashboar...', Array)
#3 C:\xampp\htdocs\layboard\layboard\system\CodeIgniter.php(918): App\Controllers\PagesController->dashboard_freelancerslist()
#4 C:\xampp\htdocs\layboard\layboard\system\CodeIgniter.php(404): CodeIgniter\CodeIgniter->runController(Object(App\Controllers\PagesController))
#5 C:\xampp\htdocs\layboard\layboard\system\CodeIgniter.php(312): CodeIgniter\CodeIgniter->handleRequest(NULL, Object(Config\Cache), false)
#6 C:\xampp\htdocs\layboard\layboard\index.php(45): CodeIgniter\CodeIgniter->run()
#7 {main}
CRITICAL - 2021-04-19 21:52:48 --> Invalid file: admins/dashboard_freelancerslist.php
#0 C:\xampp\htdocs\layboard\layboard\system\View\View.php(228): CodeIgniter\Exceptions\FrameworkException::forInvalidFile('admins/dashboar...')
#1 C:\xampp\htdocs\layboard\layboard\system\Common.php(1119): CodeIgniter\View\View->render('admins/dashboar...', Array, true)
#2 C:\xampp\htdocs\layboard\layboard\app\Controllers\PagesController.php(402): view('admins/dashboar...', Array)
#3 C:\xampp\htdocs\layboard\layboard\system\CodeIgniter.php(918): App\Controllers\PagesController->dashboard_freelancerslist()
#4 C:\xampp\htdocs\layboard\layboard\system\CodeIgniter.php(404): CodeIgniter\CodeIgniter->runController(Object(App\Controllers\PagesController))
#5 C:\xampp\htdocs\layboard\layboard\system\CodeIgniter.php(312): CodeIgniter\CodeIgniter->handleRequest(NULL, Object(Config\Cache), false)
#6 C:\xampp\htdocs\layboard\layboard\index.php(45): CodeIgniter\CodeIgniter->run()
#7 {main}
